{"/Users/kord/Documents/ass/mvpMatch/src/app/controllers/account.js": {"path":"/Users/kord/Documents/ass/mvpMatch/src/app/controllers/account.js","statementMap":{"0":{"start":{"line":1,"column":22},"end":{"line":1,"column":50}},"1":{"start":{"line":7,"column":4},"end":{"line":7,"column":30}},"2":{"start":{"line":8,"column":4},"end":{"line":8,"column":26}},"3":{"start":{"line":11,"column":18},"end":{"line":13,"column":3}},"4":{"start":{"line":12,"column":4},"end":{"line":12,"column":61}},"5":{"start":{"line":15,"column":11},"end":{"line":25,"column":3}},"6":{"start":{"line":17,"column":4},"end":{"line":24,"column":6}},"7":{"start":{"line":27,"column":10},"end":{"line":51,"column":3}},"8":{"start":{"line":28,"column":4},"end":{"line":50,"column":5}},"9":{"start":{"line":30,"column":24},"end":{"line":30,"column":62}},"10":{"start":{"line":31,"column":6},"end":{"line":33,"column":7}},"11":{"start":{"line":32,"column":8},"end":{"line":32,"column":34}},"12":{"start":{"line":35,"column":6},"end":{"line":37,"column":7}},"13":{"start":{"line":36,"column":8},"end":{"line":36,"column":49}},"14":{"start":{"line":39,"column":6},"end":{"line":39,"column":30}},"15":{"start":{"line":41,"column":6},"end":{"line":41,"column":45}},"16":{"start":{"line":42,"column":6},"end":{"line":46,"column":8}},"17":{"start":{"line":49,"column":6},"end":{"line":49,"column":47}},"18":{"start":{"line":53,"column":15},"end":{"line":66,"column":3}},"19":{"start":{"line":55,"column":18},"end":{"line":57,"column":6}},"20":{"start":{"line":60,"column":4},"end":{"line":62,"column":5}},"21":{"start":{"line":61,"column":6},"end":{"line":61,"column":63}},"22":{"start":{"line":65,"column":4},"end":{"line":65,"column":30}},"23":{"start":{"line":69,"column":12},"end":{"line":113,"column":3}},"24":{"start":{"line":71,"column":20},"end":{"line":71,"column":64}},"25":{"start":{"line":76,"column":4},"end":{"line":105,"column":5}},"26":{"start":{"line":78,"column":6},"end":{"line":98,"column":9}},"27":{"start":{"line":80,"column":8},"end":{"line":83,"column":10}},"28":{"start":{"line":86,"column":8},"end":{"line":88,"column":9}},"29":{"start":{"line":87,"column":10},"end":{"line":87,"column":36}},"30":{"start":{"line":91,"column":27},"end":{"line":91,"column":55}},"31":{"start":{"line":94,"column":8},"end":{"line":94,"column":41}},"32":{"start":{"line":97,"column":8},"end":{"line":97,"column":58}},"33":{"start":{"line":101,"column":6},"end":{"line":101,"column":47}},"34":{"start":{"line":104,"column":6},"end":{"line":104,"column":27}},"35":{"start":{"line":108,"column":4},"end":{"line":112,"column":6}},"36":{"start":{"line":116,"column":0},"end":{"line":119,"column":2}}},"fnMap":{"0":{"name":"(anonymous_0)","decl":{"start":{"line":6,"column":2},"end":{"line":6,"column":3}},"loc":{"start":{"line":6,"column":36},"end":{"line":9,"column":3}},"line":6},"1":{"name":"(anonymous_1)","decl":{"start":{"line":11,"column":18},"end":{"line":11,"column":19}},"loc":{"start":{"line":11,"column":39},"end":{"line":13,"column":3}},"line":11},"2":{"name":"(anonymous_2)","decl":{"start":{"line":15,"column":11},"end":{"line":15,"column":12}},"loc":{"start":{"line":15,"column":38},"end":{"line":25,"column":3}},"line":15},"3":{"name":"(anonymous_3)","decl":{"start":{"line":27,"column":10},"end":{"line":27,"column":11}},"loc":{"start":{"line":27,"column":28},"end":{"line":51,"column":3}},"line":27},"4":{"name":"(anonymous_4)","decl":{"start":{"line":53,"column":15},"end":{"line":53,"column":16}},"loc":{"start":{"line":53,"column":49},"end":{"line":66,"column":3}},"line":53},"5":{"name":"(anonymous_5)","decl":{"start":{"line":69,"column":12},"end":{"line":69,"column":13}},"loc":{"start":{"line":69,"column":43},"end":{"line":113,"column":3}},"line":69},"6":{"name":"(anonymous_6)","decl":{"start":{"line":78,"column":36},"end":{"line":78,"column":37}},"loc":{"start":{"line":78,"column":48},"end":{"line":98,"column":7}},"line":78}},"branchMap":{"0":{"loc":{"start":{"line":31,"column":6},"end":{"line":33,"column":7}},"type":"if","locations":[{"start":{"line":31,"column":6},"end":{"line":33,"column":7}},{"start":{},"end":{}}],"line":31},"1":{"loc":{"start":{"line":35,"column":6},"end":{"line":37,"column":7}},"type":"if","locations":[{"start":{"line":35,"column":6},"end":{"line":37,"column":7}},{"start":{},"end":{}}],"line":35},"2":{"loc":{"start":{"line":60,"column":4},"end":{"line":62,"column":5}},"type":"if","locations":[{"start":{"line":60,"column":4},"end":{"line":62,"column":5}},{"start":{},"end":{}}],"line":60},"3":{"loc":{"start":{"line":86,"column":8},"end":{"line":88,"column":9}},"type":"if","locations":[{"start":{"line":86,"column":8},"end":{"line":88,"column":9}},{"start":{},"end":{}}],"line":86}},"s":{"0":1,"1":3,"2":3,"3":3,"4":0,"5":3,"6":2,"7":3,"8":0,"9":0,"10":0,"11":0,"12":0,"13":0,"14":0,"15":0,"16":0,"17":0,"18":3,"19":1,"20":1,"21":1,"22":1,"23":3,"24":1,"25":1,"26":1,"27":1,"28":1,"29":0,"30":1,"31":1,"32":1,"33":0,"34":1,"35":1,"36":1},"f":{"0":3,"1":0,"2":2,"3":0,"4":1,"5":1,"6":1},"b":{"0":[0,0],"1":[0,0],"2":[1,0],"3":[0,1]},"_coverageSchema":"1a1c01bbd47fc00a2c39e90264f33305004495a9","hash":"f22b61a8bf479fe5adc5f2fc901ccdb1f6a94df6"}
,"/Users/kord/Documents/ass/mvpMatch/src/app/controllers/product.js": {"path":"/Users/kord/Documents/ass/mvpMatch/src/app/controllers/product.js","statementMap":{"0":{"start":{"line":1,"column":22},"end":{"line":1,"column":50}},"1":{"start":{"line":2,"column":23},"end":{"line":2,"column":52}},"2":{"start":{"line":3,"column":23},"end":{"line":3,"column":40}},"3":{"start":{"line":10,"column":4},"end":{"line":10,"column":30}},"4":{"start":{"line":11,"column":4},"end":{"line":11,"column":26}},"5":{"start":{"line":12,"column":4},"end":{"line":12,"column":30}},"6":{"start":{"line":14,"column":18},"end":{"line":41,"column":3}},"7":{"start":{"line":15,"column":4},"end":{"line":40,"column":5}},"8":{"start":{"line":17,"column":20},"end":{"line":21,"column":8}},"9":{"start":{"line":22,"column":6},"end":{"line":25,"column":7}},"10":{"start":{"line":24,"column":8},"end":{"line":24,"column":38}},"11":{"start":{"line":26,"column":6},"end":{"line":30,"column":9}},"12":{"start":{"line":31,"column":6},"end":{"line":36,"column":8}},"13":{"start":{"line":39,"column":6},"end":{"line":39,"column":57}},"14":{"start":{"line":43,"column":16},"end":{"line":59,"column":3}},"15":{"start":{"line":45,"column":4},"end":{"line":58,"column":5}},"16":{"start":{"line":46,"column":20},"end":{"line":48,"column":21}},"17":{"start":{"line":49,"column":6},"end":{"line":54,"column":8}},"18":{"start":{"line":57,"column":6},"end":{"line":57,"column":50}},"19":{"start":{"line":60,"column":8},"end":{"line":118,"column":3}},"20":{"start":{"line":61,"column":4},"end":{"line":117,"column":5}},"21":{"start":{"line":63,"column":22},"end":{"line":63,"column":66}},"22":{"start":{"line":66,"column":6},"end":{"line":110,"column":9}},"23":{"start":{"line":72,"column":12},"end":{"line":72,"column":44}},"24":{"start":{"line":74,"column":8},"end":{"line":76,"column":9}},"25":{"start":{"line":75,"column":10},"end":{"line":75,"column":24}},"26":{"start":{"line":78,"column":24},"end":{"line":78,"column":59}},"27":{"start":{"line":81,"column":8},"end":{"line":83,"column":9}},"28":{"start":{"line":82,"column":10},"end":{"line":82,"column":65}},"29":{"start":{"line":86,"column":8},"end":{"line":86,"column":78}},"30":{"start":{"line":87,"column":8},"end":{"line":87,"column":52}},"31":{"start":{"line":90,"column":25},"end":{"line":95,"column":9}},"32":{"start":{"line":96,"column":28},"end":{"line":98,"column":10}},"33":{"start":{"line":100,"column":8},"end":{"line":100,"column":76}},"34":{"start":{"line":101,"column":8},"end":{"line":101,"column":44}},"35":{"start":{"line":104,"column":8},"end":{"line":109,"column":10}},"36":{"start":{"line":113,"column":6},"end":{"line":113,"column":27}},"37":{"start":{"line":114,"column":6},"end":{"line":114,"column":20}},"38":{"start":{"line":116,"column":6},"end":{"line":116,"column":59}},"39":{"start":{"line":121,"column":15},"end":{"line":146,"column":3}},"40":{"start":{"line":122,"column":4},"end":{"line":145,"column":5}},"41":{"start":{"line":124,"column":20},"end":{"line":126,"column":8}},"42":{"start":{"line":129,"column":6},"end":{"line":131,"column":7}},"43":{"start":{"line":130,"column":8},"end":{"line":130,"column":34}},"44":{"start":{"line":133,"column":6},"end":{"line":137,"column":8}},"45":{"start":{"line":140,"column":6},"end":{"line":144,"column":8}},"46":{"start":{"line":148,"column":18},"end":{"line":170,"column":3}},"47":{"start":{"line":150,"column":4},"end":{"line":169,"column":5}},"48":{"start":{"line":152,"column":29},"end":{"line":156,"column":8}},"49":{"start":{"line":157,"column":6},"end":{"line":160,"column":7}},"50":{"start":{"line":159,"column":8},"end":{"line":159,"column":34}},"51":{"start":{"line":161,"column":6},"end":{"line":165,"column":8}},"52":{"start":{"line":168,"column":6},"end":{"line":168,"column":60}},"53":{"start":{"line":171,"column":19},"end":{"line":193,"column":3}},"54":{"start":{"line":172,"column":4},"end":{"line":192,"column":5}},"55":{"start":{"line":174,"column":29},"end":{"line":178,"column":7}},"56":{"start":{"line":180,"column":6},"end":{"line":182,"column":7}},"57":{"start":{"line":181,"column":8},"end":{"line":181,"column":34}},"58":{"start":{"line":184,"column":6},"end":{"line":188,"column":8}},"59":{"start":{"line":191,"column":6},"end":{"line":191,"column":59}},"60":{"start":{"line":195,"column":27},"end":{"line":232,"column":3}},"61":{"start":{"line":197,"column":24},"end":{"line":197,"column":40}},"62":{"start":{"line":200,"column":17},"end":{"line":200,"column":19}},"63":{"start":{"line":203,"column":4},"end":{"line":212,"column":5}},"64":{"start":{"line":203,"column":17},"end":{"line":203,"column":18}},"65":{"start":{"line":205,"column":6},"end":{"line":211,"column":7}},"66":{"start":{"line":207,"column":8},"end":{"line":207,"column":38}},"67":{"start":{"line":210,"column":8},"end":{"line":210,"column":35}},"68":{"start":{"line":215,"column":20},"end":{"line":215,"column":57}},"69":{"start":{"line":215,"column":44},"end":{"line":215,"column":49}},"70":{"start":{"line":216,"column":4},"end":{"line":228,"column":5}},"71":{"start":{"line":218,"column":17},"end":{"line":218,"column":30}},"72":{"start":{"line":221,"column":24},"end":{"line":221,"column":36}},"73":{"start":{"line":224,"column":6},"end":{"line":224,"column":38}},"74":{"start":{"line":227,"column":6},"end":{"line":227,"column":24}},"75":{"start":{"line":231,"column":4},"end":{"line":231,"column":18}},"76":{"start":{"line":235,"column":0},"end":{"line":239,"column":2}}},"fnMap":{"0":{"name":"(anonymous_0)","decl":{"start":{"line":9,"column":2},"end":{"line":9,"column":3}},"loc":{"start":{"line":9,"column":46},"end":{"line":13,"column":3}},"line":9},"1":{"name":"(anonymous_1)","decl":{"start":{"line":14,"column":18},"end":{"line":14,"column":19}},"loc":{"start":{"line":14,"column":52},"end":{"line":41,"column":3}},"line":14},"2":{"name":"(anonymous_2)","decl":{"start":{"line":43,"column":16},"end":{"line":43,"column":17}},"loc":{"start":{"line":43,"column":52},"end":{"line":59,"column":3}},"line":43},"3":{"name":"(anonymous_3)","decl":{"start":{"line":60,"column":8},"end":{"line":60,"column":9}},"loc":{"start":{"line":60,"column":57},"end":{"line":118,"column":3}},"line":60},"4":{"name":"(anonymous_4)","decl":{"start":{"line":66,"column":36},"end":{"line":66,"column":37}},"loc":{"start":{"line":66,"column":48},"end":{"line":110,"column":7}},"line":66},"5":{"name":"(anonymous_5)","decl":{"start":{"line":121,"column":15},"end":{"line":121,"column":16}},"loc":{"start":{"line":121,"column":36},"end":{"line":146,"column":3}},"line":121},"6":{"name":"(anonymous_6)","decl":{"start":{"line":148,"column":18},"end":{"line":148,"column":19}},"loc":{"start":{"line":148,"column":49},"end":{"line":170,"column":3}},"line":148},"7":{"name":"(anonymous_7)","decl":{"start":{"line":171,"column":19},"end":{"line":171,"column":20}},"loc":{"start":{"line":171,"column":66},"end":{"line":193,"column":3}},"line":171},"8":{"name":"(anonymous_8)","decl":{"start":{"line":195,"column":27},"end":{"line":195,"column":28}},"loc":{"start":{"line":195,"column":39},"end":{"line":232,"column":3}},"line":195},"9":{"name":"(anonymous_9)","decl":{"start":{"line":215,"column":34},"end":{"line":215,"column":35}},"loc":{"start":{"line":215,"column":44},"end":{"line":215,"column":49}},"line":215}},"branchMap":{"0":{"loc":{"start":{"line":22,"column":6},"end":{"line":25,"column":7}},"type":"if","locations":[{"start":{"line":22,"column":6},"end":{"line":25,"column":7}},{"start":{},"end":{}}],"line":22},"1":{"loc":{"start":{"line":43,"column":25},"end":{"line":43,"column":33}},"type":"default-arg","locations":[{"start":{"line":43,"column":32},"end":{"line":43,"column":33}}],"line":43},"2":{"loc":{"start":{"line":43,"column":35},"end":{"line":43,"column":45}},"type":"default-arg","locations":[{"start":{"line":43,"column":43},"end":{"line":43,"column":45}}],"line":43},"3":{"loc":{"start":{"line":74,"column":8},"end":{"line":76,"column":9}},"type":"if","locations":[{"start":{"line":74,"column":8},"end":{"line":76,"column":9}},{"start":{},"end":{}}],"line":74},"4":{"loc":{"start":{"line":81,"column":8},"end":{"line":83,"column":9}},"type":"if","locations":[{"start":{"line":81,"column":8},"end":{"line":83,"column":9}},{"start":{},"end":{}}],"line":81},"5":{"loc":{"start":{"line":129,"column":6},"end":{"line":131,"column":7}},"type":"if","locations":[{"start":{"line":129,"column":6},"end":{"line":131,"column":7}},{"start":{},"end":{}}],"line":129},"6":{"loc":{"start":{"line":157,"column":6},"end":{"line":160,"column":7}},"type":"if","locations":[{"start":{"line":157,"column":6},"end":{"line":160,"column":7}},{"start":{},"end":{}}],"line":157},"7":{"loc":{"start":{"line":180,"column":6},"end":{"line":182,"column":7}},"type":"if","locations":[{"start":{"line":180,"column":6},"end":{"line":182,"column":7}},{"start":{},"end":{}}],"line":180},"8":{"loc":{"start":{"line":216,"column":4},"end":{"line":228,"column":5}},"type":"if","locations":[{"start":{"line":216,"column":4},"end":{"line":228,"column":5}},{"start":{},"end":{}}],"line":216}},"s":{"0":1,"1":1,"2":1,"3":1,"4":1,"5":1,"6":1,"7":2,"8":2,"9":2,"10":1,"11":1,"12":1,"13":1,"14":1,"15":0,"16":0,"17":0,"18":0,"19":1,"20":3,"21":3,"22":3,"23":3,"24":3,"25":1,"26":2,"27":2,"28":1,"29":1,"30":1,"31":1,"32":1,"33":1,"34":1,"35":1,"36":1,"37":1,"38":2,"39":1,"40":3,"41":3,"42":3,"43":1,"44":2,"45":1,"46":1,"47":0,"48":0,"49":0,"50":0,"51":0,"52":0,"53":1,"54":1,"55":1,"56":1,"57":0,"58":1,"59":0,"60":1,"61":1,"62":1,"63":1,"64":1,"65":4,"66":1,"67":1,"68":1,"69":1,"70":1,"71":0,"72":0,"73":0,"74":0,"75":1,"76":1},"f":{"0":1,"1":2,"2":0,"3":3,"4":3,"5":3,"6":0,"7":1,"8":1,"9":1},"b":{"0":[1,1],"1":[0],"2":[0],"3":[1,2],"4":[1,1],"5":[1,2],"6":[0,0],"7":[0,1],"8":[0,1]},"_coverageSchema":"1a1c01bbd47fc00a2c39e90264f33305004495a9","hash":"0cef46f0515cf1628e137331bfa64a99d921b934"}
,"/Users/kord/Documents/ass/mvpMatch/src/app/controllers/user.js": {"path":"/Users/kord/Documents/ass/mvpMatch/src/app/controllers/user.js","statementMap":{"0":{"start":{"line":2,"column":19},"end":{"line":2,"column":44}},"1":{"start":{"line":3,"column":22},"end":{"line":3,"column":50}},"2":{"start":{"line":4,"column":26},"end":{"line":4,"column":59}},"3":{"start":{"line":15,"column":4},"end":{"line":15,"column":30}},"4":{"start":{"line":16,"column":4},"end":{"line":16,"column":26}},"5":{"start":{"line":17,"column":4},"end":{"line":17,"column":30}},"6":{"start":{"line":21,"column":11},"end":{"line":61,"column":3}},"7":{"start":{"line":22,"column":4},"end":{"line":60,"column":5}},"8":{"start":{"line":31,"column":17},"end":{"line":34,"column":7}},"9":{"start":{"line":36,"column":6},"end":{"line":36,"column":40}},"10":{"start":{"line":36,"column":17},"end":{"line":36,"column":40}},"11":{"start":{"line":39,"column":30},"end":{"line":42,"column":7}},"12":{"start":{"line":45,"column":6},"end":{"line":45,"column":58}},"13":{"start":{"line":45,"column":30},"end":{"line":45,"column":58}},"14":{"start":{"line":47,"column":6},"end":{"line":47,"column":63}},"15":{"start":{"line":47,"column":37},"end":{"line":47,"column":63}},"16":{"start":{"line":49,"column":6},"end":{"line":51,"column":9}},"17":{"start":{"line":53,"column":6},"end":{"line":56,"column":8}},"18":{"start":{"line":59,"column":6},"end":{"line":59,"column":47}},"19":{"start":{"line":64,"column":12},"end":{"line":71,"column":3}},"20":{"start":{"line":65,"column":4},"end":{"line":70,"column":6}},"21":{"start":{"line":74,"column":15},"end":{"line":78,"column":3}},"22":{"start":{"line":75,"column":4},"end":{"line":77,"column":7}},"23":{"start":{"line":79,"column":21},"end":{"line":106,"column":3}},"24":{"start":{"line":80,"column":4},"end":{"line":105,"column":5}},"25":{"start":{"line":82,"column":24},"end":{"line":82,"column":78}},"26":{"start":{"line":85,"column":6},"end":{"line":91,"column":7}},"27":{"start":{"line":87,"column":10},"end":{"line":89,"column":38}},"28":{"start":{"line":90,"column":8},"end":{"line":90,"column":27}},"29":{"start":{"line":94,"column":26},"end":{"line":94,"column":68}},"30":{"start":{"line":97,"column":6},"end":{"line":101,"column":8}},"31":{"start":{"line":104,"column":6},"end":{"line":104,"column":57}},"32":{"start":{"line":109,"column":15},"end":{"line":125,"column":3}},"33":{"start":{"line":111,"column":24},"end":{"line":111,"column":73}},"34":{"start":{"line":112,"column":4},"end":{"line":114,"column":70}},"35":{"start":{"line":114,"column":6},"end":{"line":114,"column":70}},"36":{"start":{"line":117,"column":4},"end":{"line":117,"column":78}},"37":{"start":{"line":120,"column":4},"end":{"line":124,"column":6}},"38":{"start":{"line":128,"column":10},"end":{"line":176,"column":3}},"39":{"start":{"line":129,"column":4},"end":{"line":175,"column":5}},"40":{"start":{"line":131,"column":17},"end":{"line":134,"column":7}},"41":{"start":{"line":137,"column":6},"end":{"line":137,"column":40}},"42":{"start":{"line":137,"column":17},"end":{"line":137,"column":40}},"43":{"start":{"line":140,"column":6},"end":{"line":141,"column":70}},"44":{"start":{"line":141,"column":8},"end":{"line":141,"column":70}},"45":{"start":{"line":144,"column":30},"end":{"line":147,"column":7}},"46":{"start":{"line":150,"column":6},"end":{"line":150,"column":58}},"47":{"start":{"line":150,"column":30},"end":{"line":150,"column":58}},"48":{"start":{"line":153,"column":22},"end":{"line":153,"column":66}},"49":{"start":{"line":156,"column":20},"end":{"line":159,"column":7}},"50":{"start":{"line":162,"column":6},"end":{"line":162,"column":34}},"51":{"start":{"line":163,"column":6},"end":{"line":163,"column":24}},"52":{"start":{"line":166,"column":6},"end":{"line":171,"column":8}},"53":{"start":{"line":174,"column":6},"end":{"line":174,"column":59}},"54":{"start":{"line":177,"column":15},"end":{"line":230,"column":3}},"55":{"start":{"line":179,"column":20},"end":{"line":179,"column":64}},"56":{"start":{"line":181,"column":4},"end":{"line":222,"column":5}},"57":{"start":{"line":182,"column":6},"end":{"line":216,"column":9}},"58":{"start":{"line":184,"column":29},"end":{"line":189,"column":44}},"59":{"start":{"line":191,"column":8},"end":{"line":194,"column":9}},"60":{"start":{"line":193,"column":10},"end":{"line":193,"column":46}},"61":{"start":{"line":196,"column":8},"end":{"line":206,"column":10}},"62":{"start":{"line":208,"column":30},"end":{"line":212,"column":9}},"63":{"start":{"line":214,"column":8},"end":{"line":214,"column":38}},"64":{"start":{"line":215,"column":8},"end":{"line":215,"column":44}},"65":{"start":{"line":219,"column":6},"end":{"line":219,"column":57}},"66":{"start":{"line":221,"column":6},"end":{"line":221,"column":27}},"67":{"start":{"line":224,"column":4},"end":{"line":229,"column":6}},"68":{"start":{"line":233,"column":0},"end":{"line":237,"column":2}}},"fnMap":{"0":{"name":"(anonymous_0)","decl":{"start":{"line":14,"column":2},"end":{"line":14,"column":3}},"loc":{"start":{"line":14,"column":46},"end":{"line":18,"column":3}},"line":14},"1":{"name":"(anonymous_1)","decl":{"start":{"line":21,"column":11},"end":{"line":21,"column":12}},"loc":{"start":{"line":21,"column":34},"end":{"line":61,"column":3}},"line":21},"2":{"name":"(anonymous_2)","decl":{"start":{"line":64,"column":12},"end":{"line":64,"column":13}},"loc":{"start":{"line":64,"column":46},"end":{"line":71,"column":3}},"line":64},"3":{"name":"(anonymous_3)","decl":{"start":{"line":74,"column":15},"end":{"line":74,"column":16}},"loc":{"start":{"line":74,"column":50},"end":{"line":78,"column":3}},"line":74},"4":{"name":"(anonymous_4)","decl":{"start":{"line":79,"column":21},"end":{"line":79,"column":22}},"loc":{"start":{"line":79,"column":52},"end":{"line":106,"column":3}},"line":79},"5":{"name":"(anonymous_5)","decl":{"start":{"line":109,"column":15},"end":{"line":109,"column":16}},"loc":{"start":{"line":109,"column":33},"end":{"line":125,"column":3}},"line":109},"6":{"name":"(anonymous_6)","decl":{"start":{"line":128,"column":10},"end":{"line":128,"column":11}},"loc":{"start":{"line":128,"column":33},"end":{"line":176,"column":3}},"line":128},"7":{"name":"(anonymous_7)","decl":{"start":{"line":177,"column":15},"end":{"line":177,"column":16}},"loc":{"start":{"line":177,"column":38},"end":{"line":230,"column":3}},"line":177},"8":{"name":"(anonymous_8)","decl":{"start":{"line":182,"column":36},"end":{"line":182,"column":37}},"loc":{"start":{"line":182,"column":48},"end":{"line":216,"column":7}},"line":182}},"branchMap":{"0":{"loc":{"start":{"line":36,"column":6},"end":{"line":36,"column":40}},"type":"if","locations":[{"start":{"line":36,"column":6},"end":{"line":36,"column":40}},{"start":{},"end":{}}],"line":36},"1":{"loc":{"start":{"line":45,"column":6},"end":{"line":45,"column":58}},"type":"if","locations":[{"start":{"line":45,"column":6},"end":{"line":45,"column":58}},{"start":{},"end":{}}],"line":45},"2":{"loc":{"start":{"line":47,"column":6},"end":{"line":47,"column":63}},"type":"if","locations":[{"start":{"line":47,"column":6},"end":{"line":47,"column":63}},{"start":{},"end":{}}],"line":47},"3":{"loc":{"start":{"line":85,"column":6},"end":{"line":91,"column":7}},"type":"if","locations":[{"start":{"line":85,"column":6},"end":{"line":91,"column":7}},{"start":{},"end":{}}],"line":85},"4":{"loc":{"start":{"line":87,"column":10},"end":{"line":89,"column":38}},"type":"cond-expr","locations":[{"start":{"line":88,"column":14},"end":{"line":88,"column":48}},{"start":{"line":89,"column":14},"end":{"line":89,"column":38}}],"line":87},"5":{"loc":{"start":{"line":112,"column":4},"end":{"line":114,"column":70}},"type":"if","locations":[{"start":{"line":112,"column":4},"end":{"line":114,"column":70}},{"start":{},"end":{}}],"line":112},"6":{"loc":{"start":{"line":137,"column":6},"end":{"line":137,"column":40}},"type":"if","locations":[{"start":{"line":137,"column":6},"end":{"line":137,"column":40}},{"start":{},"end":{}}],"line":137},"7":{"loc":{"start":{"line":140,"column":6},"end":{"line":141,"column":70}},"type":"if","locations":[{"start":{"line":140,"column":6},"end":{"line":141,"column":70}},{"start":{},"end":{}}],"line":140},"8":{"loc":{"start":{"line":150,"column":6},"end":{"line":150,"column":58}},"type":"if","locations":[{"start":{"line":150,"column":6},"end":{"line":150,"column":58}},{"start":{},"end":{}}],"line":150},"9":{"loc":{"start":{"line":191,"column":8},"end":{"line":194,"column":9}},"type":"if","locations":[{"start":{"line":191,"column":8},"end":{"line":194,"column":9}},{"start":{},"end":{}}],"line":191}},"s":{"0":1,"1":1,"2":1,"3":2,"4":2,"5":2,"6":2,"7":0,"8":0,"9":0,"10":0,"11":0,"12":0,"13":0,"14":0,"15":0,"16":0,"17":0,"18":0,"19":2,"20":2,"21":2,"22":0,"23":2,"24":0,"25":0,"26":0,"27":0,"28":0,"29":0,"30":0,"31":0,"32":2,"33":0,"34":0,"35":0,"36":0,"37":0,"38":2,"39":2,"40":2,"41":2,"42":0,"43":2,"44":0,"45":2,"46":2,"47":0,"48":2,"49":2,"50":2,"51":2,"52":2,"53":0,"54":2,"55":2,"56":2,"57":2,"58":2,"59":2,"60":0,"61":2,"62":2,"63":2,"64":2,"65":0,"66":2,"67":2,"68":1},"f":{"0":2,"1":0,"2":2,"3":0,"4":0,"5":0,"6":2,"7":2,"8":2},"b":{"0":[0,0],"1":[0,0],"2":[0,0],"3":[0,0],"4":[0,0],"5":[0,0],"6":[0,2],"7":[0,2],"8":[0,2],"9":[0,2]},"_coverageSchema":"1a1c01bbd47fc00a2c39e90264f33305004495a9","hash":"8767cf959117ce5e7094976a084ec40cfae751ac"}
,"/Users/kord/Documents/ass/mvpMatch/src/app/helpers/validator/index.js": {"path":"/Users/kord/Documents/ass/mvpMatch/src/app/helpers/validator/index.js","statementMap":{"0":{"start":{"line":1,"column":49},"end":{"line":1,"column":77}},"1":{"start":{"line":3,"column":0},"end":{"line":11,"column":2}},"2":{"start":{"line":4,"column":16},"end":{"line":4,"column":66}},"3":{"start":{"line":4,"column":62},"end":{"line":4,"column":65}},"4":{"start":{"line":5,"column":19},"end":{"line":5,"column":35}},"5":{"start":{"line":6,"column":2},"end":{"line":10,"column":3}},"6":{"start":{"line":7,"column":4},"end":{"line":7,"column":51}},"7":{"start":{"line":9,"column":4},"end":{"line":9,"column":11}},"8":{"start":{"line":13,"column":0},"end":{"line":20,"column":2}},"9":{"start":{"line":14,"column":2},"end":{"line":18,"column":3}},"10":{"start":{"line":15,"column":4},"end":{"line":17,"column":78}},"11":{"start":{"line":19,"column":2},"end":{"line":19,"column":9}},"12":{"start":{"line":21,"column":0},"end":{"line":28,"column":2}},"13":{"start":{"line":22,"column":2},"end":{"line":26,"column":3}},"14":{"start":{"line":23,"column":4},"end":{"line":25,"column":76}},"15":{"start":{"line":27,"column":2},"end":{"line":27,"column":9}},"16":{"start":{"line":31,"column":20},"end":{"line":36,"column":47}},"17":{"start":{"line":37,"column":20},"end":{"line":42,"column":47}},"18":{"start":{"line":43,"column":16},"end":{"line":50,"column":61}},"19":{"start":{"line":53,"column":4},"end":{"line":74,"column":6}},"20":{"start":{"line":71,"column":8},"end":{"line":71,"column":47}},"21":{"start":{"line":72,"column":8},"end":{"line":72,"column":45}},"22":{"start":{"line":77,"column":4},"end":{"line":96,"column":6}},"23":{"start":{"line":93,"column":8},"end":{"line":93,"column":46}},"24":{"start":{"line":94,"column":8},"end":{"line":94,"column":45}},"25":{"start":{"line":99,"column":4},"end":{"line":119,"column":6}},"26":{"start":{"line":115,"column":8},"end":{"line":115,"column":50}},"27":{"start":{"line":116,"column":8},"end":{"line":116,"column":52}},"28":{"start":{"line":117,"column":8},"end":{"line":117,"column":45}},"29":{"start":{"line":123,"column":4},"end":{"line":136,"column":6}},"30":{"start":{"line":133,"column":8},"end":{"line":133,"column":52}},"31":{"start":{"line":134,"column":8},"end":{"line":134,"column":45}},"32":{"start":{"line":140,"column":4},"end":{"line":149,"column":6}},"33":{"start":{"line":153,"column":4},"end":{"line":168,"column":6}},"34":{"start":{"line":161,"column":12},"end":{"line":163,"column":13}},"35":{"start":{"line":162,"column":14},"end":{"line":162,"column":66}},"36":{"start":{"line":164,"column":12},"end":{"line":164,"column":24}},"37":{"start":{"line":172,"column":4},"end":{"line":191,"column":6}},"38":{"start":{"line":188,"column":8},"end":{"line":188,"column":47}},"39":{"start":{"line":189,"column":8},"end":{"line":189,"column":45}},"40":{"start":{"line":194,"column":4},"end":{"line":220,"column":6}},"41":{"start":{"line":211,"column":10},"end":{"line":213,"column":11}},"42":{"start":{"line":212,"column":12},"end":{"line":212,"column":62}},"43":{"start":{"line":214,"column":10},"end":{"line":214,"column":22}},"44":{"start":{"line":217,"column":8},"end":{"line":217,"column":50}},"45":{"start":{"line":218,"column":8},"end":{"line":218,"column":45}},"46":{"start":{"line":223,"column":4},"end":{"line":261,"column":6}},"47":{"start":{"line":251,"column":10},"end":{"line":253,"column":11}},"48":{"start":{"line":252,"column":12},"end":{"line":252,"column":62}},"49":{"start":{"line":254,"column":10},"end":{"line":254,"column":22}},"50":{"start":{"line":258,"column":8},"end":{"line":258,"column":50}},"51":{"start":{"line":259,"column":8},"end":{"line":259,"column":45}},"52":{"start":{"line":264,"column":4},"end":{"line":273,"column":6}},"53":{"start":{"line":277,"column":4},"end":{"line":304,"column":6}},"54":{"start":{"line":301,"column":8},"end":{"line":301,"column":47}},"55":{"start":{"line":302,"column":8},"end":{"line":302,"column":45}},"56":{"start":{"line":308,"column":0},"end":{"line":308,"column":36}},"57":{"start":{"line":310,"column":0},"end":{"line":317,"column":2}},"58":{"start":{"line":321,"column":4},"end":{"line":321,"column":29}},"59":{"start":{"line":322,"column":4},"end":{"line":322,"column":29}},"60":{"start":{"line":323,"column":4},"end":{"line":323,"column":21}},"61":{"start":{"line":329,"column":4},"end":{"line":329,"column":29}},"62":{"start":{"line":330,"column":4},"end":{"line":330,"column":29}},"63":{"start":{"line":336,"column":4},"end":{"line":336,"column":34}},"64":{"start":{"line":342,"column":4},"end":{"line":342,"column":34}},"65":{"start":{"line":348,"column":4},"end":{"line":348,"column":35}},"66":{"start":{"line":349,"column":4},"end":{"line":349,"column":21}},"67":{"start":{"line":350,"column":4},"end":{"line":350,"column":35}},"68":{"start":{"line":356,"column":4},"end":{"line":356,"column":46}},"69":{"start":{"line":361,"column":4},"end":{"line":361,"column":25}},"70":{"start":{"line":362,"column":4},"end":{"line":362,"column":31}}},"fnMap":{"0":{"name":"(anonymous_0)","decl":{"start":{"line":3,"column":16},"end":{"line":3,"column":17}},"loc":{"start":{"line":3,"column":42},"end":{"line":11,"column":1}},"line":3},"1":{"name":"(anonymous_1)","decl":{"start":{"line":4,"column":49},"end":{"line":4,"column":50}},"loc":{"start":{"line":4,"column":62},"end":{"line":4,"column":65}},"line":4},"2":{"name":"(anonymous_2)","decl":{"start":{"line":13,"column":18},"end":{"line":13,"column":19}},"loc":{"start":{"line":13,"column":44},"end":{"line":20,"column":1}},"line":13},"3":{"name":"(anonymous_3)","decl":{"start":{"line":21,"column":17},"end":{"line":21,"column":18}},"loc":{"start":{"line":21,"column":43},"end":{"line":28,"column":1}},"line":21},"4":{"name":"(anonymous_4)","decl":{"start":{"line":52,"column":2},"end":{"line":52,"column":3}},"loc":{"start":{"line":52,"column":31},"end":{"line":75,"column":3}},"line":52},"5":{"name":"(anonymous_5)","decl":{"start":{"line":70,"column":6},"end":{"line":70,"column":7}},"loc":{"start":{"line":70,"column":26},"end":{"line":73,"column":7}},"line":70},"6":{"name":"(anonymous_6)","decl":{"start":{"line":76,"column":2},"end":{"line":76,"column":3}},"loc":{"start":{"line":76,"column":30},"end":{"line":97,"column":3}},"line":76},"7":{"name":"(anonymous_7)","decl":{"start":{"line":92,"column":6},"end":{"line":92,"column":7}},"loc":{"start":{"line":92,"column":26},"end":{"line":95,"column":7}},"line":92},"8":{"name":"(anonymous_8)","decl":{"start":{"line":98,"column":2},"end":{"line":98,"column":3}},"loc":{"start":{"line":98,"column":36},"end":{"line":120,"column":3}},"line":98},"9":{"name":"(anonymous_9)","decl":{"start":{"line":114,"column":6},"end":{"line":114,"column":7}},"loc":{"start":{"line":114,"column":26},"end":{"line":118,"column":7}},"line":114},"10":{"name":"(anonymous_10)","decl":{"start":{"line":122,"column":2},"end":{"line":122,"column":3}},"loc":{"start":{"line":122,"column":36},"end":{"line":137,"column":3}},"line":122},"11":{"name":"(anonymous_11)","decl":{"start":{"line":132,"column":6},"end":{"line":132,"column":7}},"loc":{"start":{"line":132,"column":26},"end":{"line":135,"column":7}},"line":132},"12":{"name":"(anonymous_12)","decl":{"start":{"line":139,"column":2},"end":{"line":139,"column":3}},"loc":{"start":{"line":139,"column":35},"end":{"line":150,"column":3}},"line":139},"13":{"name":"(anonymous_13)","decl":{"start":{"line":152,"column":2},"end":{"line":152,"column":3}},"loc":{"start":{"line":152,"column":32},"end":{"line":169,"column":3}},"line":152},"14":{"name":"(anonymous_14)","decl":{"start":{"line":160,"column":18},"end":{"line":160,"column":19}},"loc":{"start":{"line":160,"column":29},"end":{"line":165,"column":11}},"line":160},"15":{"name":"(anonymous_15)","decl":{"start":{"line":171,"column":2},"end":{"line":171,"column":3}},"loc":{"start":{"line":171,"column":31},"end":{"line":192,"column":3}},"line":171},"16":{"name":"(anonymous_16)","decl":{"start":{"line":187,"column":6},"end":{"line":187,"column":7}},"loc":{"start":{"line":187,"column":26},"end":{"line":190,"column":7}},"line":187},"17":{"name":"(anonymous_17)","decl":{"start":{"line":193,"column":2},"end":{"line":193,"column":3}},"loc":{"start":{"line":193,"column":34},"end":{"line":221,"column":3}},"line":193},"18":{"name":"(anonymous_18)","decl":{"start":{"line":210,"column":16},"end":{"line":210,"column":17}},"loc":{"start":{"line":210,"column":27},"end":{"line":215,"column":9}},"line":210},"19":{"name":"(anonymous_19)","decl":{"start":{"line":216,"column":6},"end":{"line":216,"column":7}},"loc":{"start":{"line":216,"column":26},"end":{"line":219,"column":7}},"line":216},"20":{"name":"(anonymous_20)","decl":{"start":{"line":222,"column":2},"end":{"line":222,"column":3}},"loc":{"start":{"line":222,"column":34},"end":{"line":262,"column":3}},"line":222},"21":{"name":"(anonymous_21)","decl":{"start":{"line":250,"column":16},"end":{"line":250,"column":17}},"loc":{"start":{"line":250,"column":27},"end":{"line":255,"column":9}},"line":250},"22":{"name":"(anonymous_22)","decl":{"start":{"line":257,"column":6},"end":{"line":257,"column":7}},"loc":{"start":{"line":257,"column":26},"end":{"line":260,"column":7}},"line":257},"23":{"name":"(anonymous_23)","decl":{"start":{"line":263,"column":2},"end":{"line":263,"column":3}},"loc":{"start":{"line":263,"column":38},"end":{"line":274,"column":3}},"line":263},"24":{"name":"(anonymous_24)","decl":{"start":{"line":276,"column":2},"end":{"line":276,"column":3}},"loc":{"start":{"line":276,"column":31},"end":{"line":305,"column":3}},"line":276},"25":{"name":"(anonymous_25)","decl":{"start":{"line":300,"column":6},"end":{"line":300,"column":7}},"loc":{"start":{"line":300,"column":26},"end":{"line":303,"column":7}},"line":300},"26":{"name":"(anonymous_26)","decl":{"start":{"line":320,"column":2},"end":{"line":320,"column":3}},"loc":{"start":{"line":320,"column":44},"end":{"line":324,"column":3}},"line":320},"27":{"name":"(anonymous_27)","decl":{"start":{"line":328,"column":2},"end":{"line":328,"column":3}},"loc":{"start":{"line":328,"column":38},"end":{"line":331,"column":3}},"line":328},"28":{"name":"(anonymous_28)","decl":{"start":{"line":335,"column":2},"end":{"line":335,"column":3}},"loc":{"start":{"line":335,"column":38},"end":{"line":337,"column":3}},"line":335},"29":{"name":"(anonymous_29)","decl":{"start":{"line":341,"column":2},"end":{"line":341,"column":3}},"loc":{"start":{"line":341,"column":38},"end":{"line":343,"column":3}},"line":341},"30":{"name":"(anonymous_30)","decl":{"start":{"line":347,"column":2},"end":{"line":347,"column":3}},"loc":{"start":{"line":347,"column":50},"end":{"line":351,"column":3}},"line":347},"31":{"name":"(anonymous_31)","decl":{"start":{"line":355,"column":2},"end":{"line":355,"column":3}},"loc":{"start":{"line":355,"column":61},"end":{"line":357,"column":3}},"line":355},"32":{"name":"(anonymous_32)","decl":{"start":{"line":360,"column":2},"end":{"line":360,"column":3}},"loc":{"start":{"line":360,"column":37},"end":{"line":363,"column":3}},"line":360}},"branchMap":{"0":{"loc":{"start":{"line":6,"column":2},"end":{"line":10,"column":3}},"type":"if","locations":[{"start":{"line":6,"column":2},"end":{"line":10,"column":3}},{"start":{"line":8,"column":9},"end":{"line":10,"column":3}}],"line":6},"1":{"loc":{"start":{"line":14,"column":2},"end":{"line":18,"column":3}},"type":"if","locations":[{"start":{"line":14,"column":2},"end":{"line":18,"column":3}},{"start":{},"end":{}}],"line":14},"2":{"loc":{"start":{"line":22,"column":2},"end":{"line":26,"column":3}},"type":"if","locations":[{"start":{"line":22,"column":2},"end":{"line":26,"column":3}},{"start":{},"end":{}}],"line":22},"3":{"loc":{"start":{"line":161,"column":12},"end":{"line":163,"column":13}},"type":"if","locations":[{"start":{"line":161,"column":12},"end":{"line":163,"column":13}},{"start":{},"end":{}}],"line":161},"4":{"loc":{"start":{"line":211,"column":10},"end":{"line":213,"column":11}},"type":"if","locations":[{"start":{"line":211,"column":10},"end":{"line":213,"column":11}},{"start":{},"end":{}}],"line":211},"5":{"loc":{"start":{"line":251,"column":10},"end":{"line":253,"column":11}},"type":"if","locations":[{"start":{"line":251,"column":10},"end":{"line":253,"column":11}},{"start":{},"end":{}}],"line":251}},"s":{"0":1,"1":1,"2":13,"3":7,"4":13,"5":13,"6":1,"7":12,"8":1,"9":4,"10":1,"11":3,"12":1,"13":0,"14":0,"15":0,"16":1,"17":1,"18":1,"19":2,"20":0,"21":0,"22":2,"23":2,"24":2,"25":2,"26":0,"27":0,"28":0,"29":2,"30":3,"31":3,"32":2,"33":2,"34":1,"35":0,"36":1,"37":2,"38":0,"39":0,"40":2,"41":3,"42":0,"43":3,"44":3,"45":3,"46":2,"47":1,"48":0,"49":1,"50":1,"51":1,"52":2,"53":2,"54":3,"55":3,"56":1,"57":1,"58":3,"59":3,"60":3,"61":2,"62":2,"63":2,"64":0,"65":4,"66":4,"67":4,"68":1,"69":3,"70":3},"f":{"0":13,"1":7,"2":4,"3":0,"4":2,"5":0,"6":2,"7":2,"8":2,"9":0,"10":2,"11":3,"12":2,"13":2,"14":1,"15":2,"16":0,"17":2,"18":3,"19":3,"20":2,"21":1,"22":1,"23":2,"24":2,"25":3,"26":3,"27":2,"28":2,"29":0,"30":4,"31":1,"32":3},"b":{"0":[1,12],"1":[1,3],"2":[0,0],"3":[0,1],"4":[0,3],"5":[0,1]},"_coverageSchema":"1a1c01bbd47fc00a2c39e90264f33305004495a9","hash":"9090c8aaa9d52ad8b954abc5e43fd90e44cf9914"}
,"/Users/kord/Documents/ass/mvpMatch/src/app/helpers/validator/passport.js": {"path":"/Users/kord/Documents/ass/mvpMatch/src/app/helpers/validator/passport.js","statementMap":{"0":{"start":{"line":1,"column":19},"end":{"line":1,"column":47}},"1":{"start":{"line":7,"column":4},"end":{"line":7,"column":30}},"2":{"start":{"line":8,"column":4},"end":{"line":8,"column":26}},"3":{"start":{"line":9,"column":4},"end":{"line":9,"column":25}},"4":{"start":{"line":10,"column":4},"end":{"line":10,"column":30}},"5":{"start":{"line":13,"column":9},"end":{"line":38,"column":3}},"6":{"start":{"line":14,"column":4},"end":{"line":18,"column":6}},"7":{"start":{"line":19,"column":24},"end":{"line":36,"column":5}},"8":{"start":{"line":22,"column":8},"end":{"line":34,"column":9}},"9":{"start":{"line":23,"column":23},"end":{"line":25,"column":32}},"10":{"start":{"line":27,"column":10},"end":{"line":31,"column":11}},"11":{"start":{"line":28,"column":12},"end":{"line":28,"column":36}},"12":{"start":{"line":30,"column":12},"end":{"line":30,"column":37}},"13":{"start":{"line":33,"column":10},"end":{"line":33,"column":34}},"14":{"start":{"line":37,"column":4},"end":{"line":37,"column":45}},"15":{"start":{"line":39,"column":21},"end":{"line":43,"column":3}},"16":{"start":{"line":40,"column":4},"end":{"line":42,"column":7}},"17":{"start":{"line":46,"column":0},"end":{"line":50,"column":2}}},"fnMap":{"0":{"name":"(anonymous_0)","decl":{"start":{"line":6,"column":2},"end":{"line":6,"column":3}},"loc":{"start":{"line":6,"column":36},"end":{"line":11,"column":3}},"line":6},"1":{"name":"(anonymous_1)","decl":{"start":{"line":13,"column":9},"end":{"line":13,"column":10}},"loc":{"start":{"line":13,"column":15},"end":{"line":38,"column":3}},"line":13},"2":{"name":"(anonymous_2)","decl":{"start":{"line":21,"column":6},"end":{"line":21,"column":7}},"loc":{"start":{"line":21,"column":31},"end":{"line":35,"column":7}},"line":21},"3":{"name":"(anonymous_3)","decl":{"start":{"line":39,"column":21},"end":{"line":39,"column":22}},"loc":{"start":{"line":39,"column":27},"end":{"line":43,"column":3}},"line":39}},"branchMap":{"0":{"loc":{"start":{"line":27,"column":10},"end":{"line":31,"column":11}},"type":"if","locations":[{"start":{"line":27,"column":10},"end":{"line":31,"column":11}},{"start":{"line":29,"column":17},"end":{"line":31,"column":11}}],"line":27},"1":{"loc":{"start":{"line":27,"column":14},"end":{"line":27,"column":63}},"type":"binary-expr","locations":[{"start":{"line":27,"column":14},"end":{"line":27,"column":18}},{"start":{"line":27,"column":22},"end":{"line":27,"column":63}}],"line":27}},"s":{"0":1,"1":3,"2":3,"3":3,"4":3,"5":3,"6":3,"7":3,"8":8,"9":8,"10":8,"11":8,"12":0,"13":0,"14":3,"15":3,"16":18,"17":1},"f":{"0":3,"1":3,"2":8,"3":18},"b":{"0":[8,0],"1":[8,8]},"_coverageSchema":"1a1c01bbd47fc00a2c39e90264f33305004495a9","hash":"069be85ed05dca81f345011b6c09d5824486f8e8"}
,"/Users/kord/Documents/ass/mvpMatch/src/app/models/account.js": {"path":"/Users/kord/Documents/ass/mvpMatch/src/app/models/account.js","statementMap":{"0":{"start":{"line":1,"column":17},"end":{"line":1,"column":36}},"1":{"start":{"line":4,"column":22},"end":{"line":16,"column":1}},"2":{"start":{"line":18,"column":16},"end":{"line":18,"column":56}},"3":{"start":{"line":19,"column":0},"end":{"line":19,"column":25}}},"fnMap":{},"branchMap":{},"s":{"0":1,"1":1,"2":1,"3":1},"f":{},"b":{},"_coverageSchema":"1a1c01bbd47fc00a2c39e90264f33305004495a9","hash":"bde039fb552376c84247c522d9d100c4548e7f06"}
,"/Users/kord/Documents/ass/mvpMatch/src/app/models/product.js": {"path":"/Users/kord/Documents/ass/mvpMatch/src/app/models/product.js","statementMap":{"0":{"start":{"line":1,"column":17},"end":{"line":1,"column":36}},"1":{"start":{"line":3,"column":22},"end":{"line":24,"column":1}},"2":{"start":{"line":11,"column":10},"end":{"line":11,"column":29}},"3":{"start":{"line":26,"column":16},"end":{"line":26,"column":56}},"4":{"start":{"line":28,"column":0},"end":{"line":28,"column":25}}},"fnMap":{"0":{"name":"(anonymous_0)","decl":{"start":{"line":10,"column":19},"end":{"line":10,"column":20}},"loc":{"start":{"line":10,"column":32},"end":{"line":12,"column":9}},"line":10}},"branchMap":{},"s":{"0":1,"1":1,"2":1,"3":1,"4":1},"f":{"0":1},"b":{},"_coverageSchema":"1a1c01bbd47fc00a2c39e90264f33305004495a9","hash":"a208c9b97199f432c7bda5d46ffd2eea028e4d13"}
,"/Users/kord/Documents/ass/mvpMatch/src/app/models/purchase.js": {"path":"/Users/kord/Documents/ass/mvpMatch/src/app/models/purchase.js","statementMap":{"0":{"start":{"line":1,"column":17},"end":{"line":1,"column":36}},"1":{"start":{"line":3,"column":23},"end":{"line":23,"column":1}},"2":{"start":{"line":25,"column":17},"end":{"line":25,"column":59}},"3":{"start":{"line":27,"column":0},"end":{"line":27,"column":26}}},"fnMap":{},"branchMap":{},"s":{"0":1,"1":1,"2":1,"3":1},"f":{},"b":{},"_coverageSchema":"1a1c01bbd47fc00a2c39e90264f33305004495a9","hash":"5f59e060485dee842ff07cdf9aaefb8f180b1d6d"}
,"/Users/kord/Documents/ass/mvpMatch/src/app/models/user.js": {"path":"/Users/kord/Documents/ass/mvpMatch/src/app/models/user.js","statementMap":{"0":{"start":{"line":1,"column":17},"end":{"line":1,"column":36}},"1":{"start":{"line":2,"column":15},"end":{"line":2,"column":32}},"2":{"start":{"line":3,"column":15},"end":{"line":3,"column":30}},"3":{"start":{"line":5,"column":19},"end":{"line":21,"column":1}},"4":{"start":{"line":23,"column":0},"end":{"line":30,"column":3}},"5":{"start":{"line":24,"column":15},"end":{"line":24,"column":19}},"6":{"start":{"line":25,"column":2},"end":{"line":25,"column":50}},"7":{"start":{"line":25,"column":36},"end":{"line":25,"column":50}},"8":{"start":{"line":26,"column":15},"end":{"line":26,"column":39}},"9":{"start":{"line":27,"column":15},"end":{"line":27,"column":53}},"10":{"start":{"line":28,"column":2},"end":{"line":28,"column":23}},"11":{"start":{"line":29,"column":2},"end":{"line":29,"column":9}},"12":{"start":{"line":32,"column":0},"end":{"line":37,"column":3}},"13":{"start":{"line":33,"column":2},"end":{"line":35,"column":3}},"14":{"start":{"line":34,"column":4},"end":{"line":34,"column":71}},"15":{"start":{"line":36,"column":2},"end":{"line":36,"column":9}},"16":{"start":{"line":39,"column":0},"end":{"line":41,"column":2}},"17":{"start":{"line":40,"column":2},"end":{"line":40,"column":49}},"18":{"start":{"line":43,"column":0},"end":{"line":48,"column":2}},"19":{"start":{"line":44,"column":14},"end":{"line":44,"column":29}},"20":{"start":{"line":45,"column":2},"end":{"line":45,"column":22}},"21":{"start":{"line":46,"column":2},"end":{"line":46,"column":17}},"22":{"start":{"line":47,"column":2},"end":{"line":47,"column":13}},"23":{"start":{"line":49,"column":13},"end":{"line":49,"column":47}},"24":{"start":{"line":51,"column":0},"end":{"line":51,"column":22}}},"fnMap":{"0":{"name":"(anonymous_0)","decl":{"start":{"line":23,"column":23},"end":{"line":23,"column":24}},"loc":{"start":{"line":23,"column":45},"end":{"line":30,"column":1}},"line":23},"1":{"name":"(anonymous_1)","decl":{"start":{"line":32,"column":35},"end":{"line":32,"column":36}},"loc":{"start":{"line":32,"column":57},"end":{"line":37,"column":1}},"line":32},"2":{"name":"(anonymous_2)","decl":{"start":{"line":39,"column":37},"end":{"line":39,"column":38}},"loc":{"start":{"line":39,"column":57},"end":{"line":41,"column":1}},"line":39},"3":{"name":"(anonymous_3)","decl":{"start":{"line":43,"column":28},"end":{"line":43,"column":29}},"loc":{"start":{"line":43,"column":40},"end":{"line":48,"column":1}},"line":43}},"branchMap":{"0":{"loc":{"start":{"line":25,"column":2},"end":{"line":25,"column":50}},"type":"if","locations":[{"start":{"line":25,"column":2},"end":{"line":25,"column":50}},{"start":{},"end":{}}],"line":25},"1":{"loc":{"start":{"line":33,"column":2},"end":{"line":35,"column":3}},"type":"if","locations":[{"start":{"line":33,"column":2},"end":{"line":35,"column":3}},{"start":{},"end":{}}],"line":33}},"s":{"0":1,"1":1,"2":1,"3":1,"4":1,"5":7,"6":7,"7":5,"8":2,"9":2,"10":2,"11":2,"12":1,"13":0,"14":0,"15":0,"16":1,"17":0,"18":1,"19":4,"20":4,"21":4,"22":4,"23":1,"24":1},"f":{"0":7,"1":0,"2":0,"3":4},"b":{"0":[5,2],"1":[0,0]},"_coverageSchema":"1a1c01bbd47fc00a2c39e90264f33305004495a9","hash":"974e944ffc11077a58328e2c9782186b54caa4a9"}
,"/Users/kord/Documents/ass/mvpMatch/src/app/routes/account/index.js": {"path":"/Users/kord/Documents/ass/mvpMatch/src/app/routes/account/index.js","statementMap":{"0":{"start":{"line":1,"column":26},"end":{"line":1,"column":62}},"1":{"start":{"line":2,"column":30},"end":{"line":2,"column":73}},"2":{"start":{"line":7,"column":4},"end":{"line":7,"column":30}},"3":{"start":{"line":10,"column":19},"end":{"line":21,"column":3}},"4":{"start":{"line":11,"column":23},"end":{"line":11,"column":35}},"5":{"start":{"line":13,"column":26},"end":{"line":16,"column":5}},"6":{"start":{"line":17,"column":4},"end":{"line":19,"column":5}},"7":{"start":{"line":18,"column":6},"end":{"line":18,"column":56}},"8":{"start":{"line":20,"column":4},"end":{"line":20,"column":54}},"9":{"start":{"line":22,"column":17},"end":{"line":30,"column":3}},"10":{"start":{"line":23,"column":26},"end":{"line":25,"column":5}},"11":{"start":{"line":26,"column":4},"end":{"line":28,"column":5}},"12":{"start":{"line":27,"column":6},"end":{"line":27,"column":56}},"13":{"start":{"line":29,"column":4},"end":{"line":29,"column":54}},"14":{"start":{"line":37,"column":4},"end":{"line":37,"column":32}},"15":{"start":{"line":38,"column":4},"end":{"line":38,"column":30}},"16":{"start":{"line":41,"column":19},"end":{"line":43,"column":3}},"17":{"start":{"line":42,"column":4},"end":{"line":42,"column":69}},"18":{"start":{"line":45,"column":8},"end":{"line":50,"column":3}},"19":{"start":{"line":46,"column":4},"end":{"line":49,"column":6}},"20":{"start":{"line":52,"column":0},"end":{"line":56,"column":2}}},"fnMap":{"0":{"name":"(anonymous_0)","decl":{"start":{"line":6,"column":2},"end":{"line":6,"column":3}},"loc":{"start":{"line":6,"column":28},"end":{"line":8,"column":3}},"line":6},"1":{"name":"(anonymous_1)","decl":{"start":{"line":10,"column":19},"end":{"line":10,"column":20}},"loc":{"start":{"line":10,"column":48},"end":{"line":21,"column":3}},"line":10},"2":{"name":"(anonymous_2)","decl":{"start":{"line":22,"column":17},"end":{"line":22,"column":18}},"loc":{"start":{"line":22,"column":46},"end":{"line":30,"column":3}},"line":22},"3":{"name":"(anonymous_3)","decl":{"start":{"line":36,"column":2},"end":{"line":36,"column":3}},"loc":{"start":{"line":36,"column":39},"end":{"line":39,"column":3}},"line":36},"4":{"name":"(anonymous_4)","decl":{"start":{"line":41,"column":19},"end":{"line":41,"column":20}},"loc":{"start":{"line":41,"column":25},"end":{"line":43,"column":3}},"line":41},"5":{"name":"(anonymous_5)","decl":{"start":{"line":45,"column":8},"end":{"line":45,"column":9}},"loc":{"start":{"line":45,"column":14},"end":{"line":50,"column":3}},"line":45}},"branchMap":{"0":{"loc":{"start":{"line":17,"column":4},"end":{"line":19,"column":5}},"type":"if","locations":[{"start":{"line":17,"column":4},"end":{"line":19,"column":5}},{"start":{},"end":{}}],"line":17},"1":{"loc":{"start":{"line":26,"column":4},"end":{"line":28,"column":5}},"type":"if","locations":[{"start":{"line":26,"column":4},"end":{"line":28,"column":5}},{"start":{},"end":{}}],"line":26}},"s":{"0":1,"1":1,"2":1,"3":1,"4":1,"5":1,"6":1,"7":0,"8":1,"9":1,"10":0,"11":0,"12":0,"13":0,"14":2,"15":2,"16":2,"17":2,"18":2,"19":4,"20":1},"f":{"0":1,"1":1,"2":0,"3":2,"4":2,"5":4},"b":{"0":[0,1],"1":[0,0]},"_coverageSchema":"1a1c01bbd47fc00a2c39e90264f33305004495a9","hash":"605328dd9a325051e52cc2ea55ba3c56f79bbe26"}
,"/Users/kord/Documents/ass/mvpMatch/src/app/routes/product/index.js": {"path":"/Users/kord/Documents/ass/mvpMatch/src/app/routes/product/index.js","statementMap":{"0":{"start":{"line":1,"column":26},"end":{"line":1,"column":62}},"1":{"start":{"line":2,"column":30},"end":{"line":2,"column":73}},"2":{"start":{"line":7,"column":4},"end":{"line":7,"column":30}},"3":{"start":{"line":9,"column":20},"end":{"line":17,"column":3}},"4":{"start":{"line":10,"column":23},"end":{"line":12,"column":5}},"5":{"start":{"line":13,"column":4},"end":{"line":15,"column":5}},"6":{"start":{"line":14,"column":6},"end":{"line":14,"column":53}},"7":{"start":{"line":16,"column":4},"end":{"line":16,"column":51}},"8":{"start":{"line":19,"column":8},"end":{"line":27,"column":3}},"9":{"start":{"line":20,"column":23},"end":{"line":22,"column":5}},"10":{"start":{"line":23,"column":4},"end":{"line":25,"column":5}},"11":{"start":{"line":24,"column":6},"end":{"line":24,"column":53}},"12":{"start":{"line":26,"column":4},"end":{"line":26,"column":51}},"13":{"start":{"line":29,"column":26},"end":{"line":39,"column":3}},"14":{"start":{"line":30,"column":23},"end":{"line":34,"column":5}},"15":{"start":{"line":35,"column":4},"end":{"line":37,"column":5}},"16":{"start":{"line":36,"column":6},"end":{"line":36,"column":53}},"17":{"start":{"line":38,"column":4},"end":{"line":38,"column":51}},"18":{"start":{"line":41,"column":9},"end":{"line":50,"column":3}},"19":{"start":{"line":42,"column":23},"end":{"line":45,"column":5}},"20":{"start":{"line":46,"column":4},"end":{"line":48,"column":5}},"21":{"start":{"line":47,"column":6},"end":{"line":47,"column":53}},"22":{"start":{"line":49,"column":4},"end":{"line":49,"column":51}},"23":{"start":{"line":51,"column":23},"end":{"line":60,"column":3}},"24":{"start":{"line":52,"column":26},"end":{"line":55,"column":5}},"25":{"start":{"line":56,"column":4},"end":{"line":58,"column":5}},"26":{"start":{"line":57,"column":6},"end":{"line":57,"column":56}},"27":{"start":{"line":59,"column":4},"end":{"line":59,"column":54}},"28":{"start":{"line":61,"column":22},"end":{"line":71,"column":3}},"29":{"start":{"line":62,"column":23},"end":{"line":66,"column":5}},"30":{"start":{"line":67,"column":4},"end":{"line":69,"column":5}},"31":{"start":{"line":68,"column":6},"end":{"line":68,"column":53}},"32":{"start":{"line":70,"column":4},"end":{"line":70,"column":51}},"33":{"start":{"line":78,"column":4},"end":{"line":78,"column":32}},"34":{"start":{"line":79,"column":4},"end":{"line":79,"column":30}},"35":{"start":{"line":81,"column":9},"end":{"line":87,"column":3}},"36":{"start":{"line":82,"column":4},"end":{"line":86,"column":6}},"37":{"start":{"line":88,"column":22},"end":{"line":94,"column":3}},"38":{"start":{"line":89,"column":4},"end":{"line":93,"column":6}},"39":{"start":{"line":96,"column":23},"end":{"line":102,"column":3}},"40":{"start":{"line":97,"column":4},"end":{"line":101,"column":6}},"41":{"start":{"line":103,"column":20},"end":{"line":105,"column":3}},"42":{"start":{"line":104,"column":4},"end":{"line":104,"column":72}},"43":{"start":{"line":106,"column":26},"end":{"line":112,"column":3}},"44":{"start":{"line":107,"column":4},"end":{"line":111,"column":6}},"45":{"start":{"line":113,"column":8},"end":{"line":115,"column":3}},"46":{"start":{"line":114,"column":4},"end":{"line":114,"column":73}},"47":{"start":{"line":116,"column":8},"end":{"line":116,"column":16}},"48":{"start":{"line":116,"column":14},"end":{"line":116,"column":16}},"49":{"start":{"line":118,"column":0},"end":{"line":122,"column":2}}},"fnMap":{"0":{"name":"(anonymous_0)","decl":{"start":{"line":6,"column":2},"end":{"line":6,"column":3}},"loc":{"start":{"line":6,"column":38},"end":{"line":8,"column":3}},"line":6},"1":{"name":"(anonymous_1)","decl":{"start":{"line":9,"column":20},"end":{"line":9,"column":21}},"loc":{"start":{"line":9,"column":49},"end":{"line":17,"column":3}},"line":9},"2":{"name":"(anonymous_2)","decl":{"start":{"line":19,"column":8},"end":{"line":19,"column":9}},"loc":{"start":{"line":19,"column":37},"end":{"line":27,"column":3}},"line":19},"3":{"name":"(anonymous_3)","decl":{"start":{"line":29,"column":26},"end":{"line":29,"column":27}},"loc":{"start":{"line":29,"column":55},"end":{"line":39,"column":3}},"line":29},"4":{"name":"(anonymous_4)","decl":{"start":{"line":41,"column":9},"end":{"line":41,"column":10}},"loc":{"start":{"line":41,"column":38},"end":{"line":50,"column":3}},"line":41},"5":{"name":"(anonymous_5)","decl":{"start":{"line":51,"column":23},"end":{"line":51,"column":24}},"loc":{"start":{"line":51,"column":52},"end":{"line":60,"column":3}},"line":51},"6":{"name":"(anonymous_6)","decl":{"start":{"line":61,"column":22},"end":{"line":61,"column":23}},"loc":{"start":{"line":61,"column":51},"end":{"line":71,"column":3}},"line":61},"7":{"name":"(anonymous_7)","decl":{"start":{"line":77,"column":2},"end":{"line":77,"column":3}},"loc":{"start":{"line":77,"column":39},"end":{"line":80,"column":3}},"line":77},"8":{"name":"(anonymous_8)","decl":{"start":{"line":81,"column":9},"end":{"line":81,"column":10}},"loc":{"start":{"line":81,"column":15},"end":{"line":87,"column":3}},"line":81},"9":{"name":"(anonymous_9)","decl":{"start":{"line":88,"column":22},"end":{"line":88,"column":23}},"loc":{"start":{"line":88,"column":28},"end":{"line":94,"column":3}},"line":88},"10":{"name":"(anonymous_10)","decl":{"start":{"line":96,"column":23},"end":{"line":96,"column":24}},"loc":{"start":{"line":96,"column":29},"end":{"line":102,"column":3}},"line":96},"11":{"name":"(anonymous_11)","decl":{"start":{"line":103,"column":20},"end":{"line":103,"column":21}},"loc":{"start":{"line":103,"column":26},"end":{"line":105,"column":3}},"line":103},"12":{"name":"(anonymous_12)","decl":{"start":{"line":106,"column":26},"end":{"line":106,"column":27}},"loc":{"start":{"line":106,"column":32},"end":{"line":112,"column":3}},"line":106},"13":{"name":"(anonymous_13)","decl":{"start":{"line":113,"column":8},"end":{"line":113,"column":9}},"loc":{"start":{"line":113,"column":14},"end":{"line":115,"column":3}},"line":113},"14":{"name":"(anonymous_14)","decl":{"start":{"line":116,"column":8},"end":{"line":116,"column":9}},"loc":{"start":{"line":116,"column":14},"end":{"line":116,"column":16}},"line":116}},"branchMap":{"0":{"loc":{"start":{"line":13,"column":4},"end":{"line":15,"column":5}},"type":"if","locations":[{"start":{"line":13,"column":4},"end":{"line":15,"column":5}},{"start":{},"end":{}}],"line":13},"1":{"loc":{"start":{"line":23,"column":4},"end":{"line":25,"column":5}},"type":"if","locations":[{"start":{"line":23,"column":4},"end":{"line":25,"column":5}},{"start":{},"end":{}}],"line":23},"2":{"loc":{"start":{"line":35,"column":4},"end":{"line":37,"column":5}},"type":"if","locations":[{"start":{"line":35,"column":4},"end":{"line":37,"column":5}},{"start":{},"end":{}}],"line":35},"3":{"loc":{"start":{"line":46,"column":4},"end":{"line":48,"column":5}},"type":"if","locations":[{"start":{"line":46,"column":4},"end":{"line":48,"column":5}},{"start":{},"end":{}}],"line":46},"4":{"loc":{"start":{"line":56,"column":4},"end":{"line":58,"column":5}},"type":"if","locations":[{"start":{"line":56,"column":4},"end":{"line":58,"column":5}},{"start":{},"end":{}}],"line":56},"5":{"loc":{"start":{"line":67,"column":4},"end":{"line":69,"column":5}},"type":"if","locations":[{"start":{"line":67,"column":4},"end":{"line":69,"column":5}},{"start":{},"end":{}}],"line":67}},"s":{"0":1,"1":1,"2":1,"3":1,"4":0,"5":0,"6":0,"7":0,"8":1,"9":0,"10":0,"11":0,"12":0,"13":1,"14":3,"15":3,"16":2,"17":1,"18":1,"19":2,"20":2,"21":1,"22":1,"23":1,"24":0,"25":0,"26":0,"27":0,"28":1,"29":1,"30":1,"31":0,"32":1,"33":6,"34":6,"35":6,"36":2,"37":6,"38":2,"39":6,"40":2,"41":6,"42":2,"43":6,"44":2,"45":6,"46":2,"47":6,"48":6,"49":1},"f":{"0":1,"1":0,"2":0,"3":3,"4":2,"5":0,"6":1,"7":6,"8":2,"9":2,"10":2,"11":2,"12":2,"13":2,"14":6},"b":{"0":[0,0],"1":[0,0],"2":[2,1],"3":[1,1],"4":[0,0],"5":[0,1]},"_coverageSchema":"1a1c01bbd47fc00a2c39e90264f33305004495a9","hash":"dc9ee3c92c05764c2a678c40180f8566007a06fd"}
,"/Users/kord/Documents/ass/mvpMatch/src/app/routes/user/index.js": {"path":"/Users/kord/Documents/ass/mvpMatch/src/app/routes/user/index.js","statementMap":{"0":{"start":{"line":1,"column":23},"end":{"line":1,"column":56}},"1":{"start":{"line":2,"column":30},"end":{"line":2,"column":73}},"2":{"start":{"line":7,"column":4},"end":{"line":7,"column":30}},"3":{"start":{"line":9,"column":9},"end":{"line":17,"column":3}},"4":{"start":{"line":10,"column":23},"end":{"line":12,"column":5}},"5":{"start":{"line":13,"column":4},"end":{"line":15,"column":5}},"6":{"start":{"line":14,"column":6},"end":{"line":14,"column":53}},"7":{"start":{"line":16,"column":4},"end":{"line":16,"column":51}},"8":{"start":{"line":18,"column":22},"end":{"line":26,"column":3}},"9":{"start":{"line":20,"column":23},"end":{"line":20,"column":79}},"10":{"start":{"line":22,"column":4},"end":{"line":24,"column":5}},"11":{"start":{"line":23,"column":6},"end":{"line":23,"column":53}},"12":{"start":{"line":25,"column":4},"end":{"line":25,"column":51}},"13":{"start":{"line":27,"column":8},"end":{"line":31,"column":3}},"14":{"start":{"line":28,"column":4},"end":{"line":30,"column":74}},"15":{"start":{"line":33,"column":17},"end":{"line":39,"column":3}},"16":{"start":{"line":34,"column":23},"end":{"line":34,"column":78}},"17":{"start":{"line":35,"column":4},"end":{"line":37,"column":5}},"18":{"start":{"line":36,"column":6},"end":{"line":36,"column":53}},"19":{"start":{"line":38,"column":4},"end":{"line":38,"column":51}},"20":{"start":{"line":41,"column":10},"end":{"line":50,"column":3}},"21":{"start":{"line":42,"column":23},"end":{"line":45,"column":5}},"22":{"start":{"line":46,"column":4},"end":{"line":48,"column":5}},"23":{"start":{"line":47,"column":6},"end":{"line":47,"column":53}},"24":{"start":{"line":49,"column":4},"end":{"line":49,"column":51}},"25":{"start":{"line":52,"column":11},"end":{"line":60,"column":3}},"26":{"start":{"line":53,"column":23},"end":{"line":55,"column":5}},"27":{"start":{"line":56,"column":4},"end":{"line":58,"column":5}},"28":{"start":{"line":57,"column":6},"end":{"line":57,"column":53}},"29":{"start":{"line":59,"column":4},"end":{"line":59,"column":51}},"30":{"start":{"line":66,"column":4},"end":{"line":66,"column":32}},"31":{"start":{"line":67,"column":4},"end":{"line":67,"column":30}},"32":{"start":{"line":69,"column":9},"end":{"line":71,"column":3}},"33":{"start":{"line":70,"column":4},"end":{"line":70,"column":68}},"34":{"start":{"line":72,"column":10},"end":{"line":77,"column":3}},"35":{"start":{"line":73,"column":4},"end":{"line":76,"column":6}},"36":{"start":{"line":79,"column":22},"end":{"line":81,"column":3}},"37":{"start":{"line":79,"column":28},"end":{"line":81,"column":3}},"38":{"start":{"line":82,"column":8},"end":{"line":82,"column":71}},"39":{"start":{"line":82,"column":14},"end":{"line":82,"column":71}},"40":{"start":{"line":83,"column":17},"end":{"line":83,"column":78}},"41":{"start":{"line":83,"column":23},"end":{"line":83,"column":78}},"42":{"start":{"line":84,"column":11},"end":{"line":84,"column":74}},"43":{"start":{"line":84,"column":17},"end":{"line":84,"column":74}},"44":{"start":{"line":85,"column":8},"end":{"line":85,"column":16}},"45":{"start":{"line":85,"column":14},"end":{"line":85,"column":16}},"46":{"start":{"line":87,"column":0},"end":{"line":91,"column":2}}},"fnMap":{"0":{"name":"(anonymous_0)","decl":{"start":{"line":6,"column":2},"end":{"line":6,"column":3}},"loc":{"start":{"line":6,"column":38},"end":{"line":8,"column":3}},"line":6},"1":{"name":"(anonymous_1)","decl":{"start":{"line":9,"column":9},"end":{"line":9,"column":10}},"loc":{"start":{"line":9,"column":38},"end":{"line":17,"column":3}},"line":9},"2":{"name":"(anonymous_2)","decl":{"start":{"line":18,"column":22},"end":{"line":18,"column":23}},"loc":{"start":{"line":18,"column":51},"end":{"line":26,"column":3}},"line":18},"3":{"name":"(anonymous_3)","decl":{"start":{"line":27,"column":8},"end":{"line":27,"column":9}},"loc":{"start":{"line":27,"column":37},"end":{"line":31,"column":3}},"line":27},"4":{"name":"(anonymous_4)","decl":{"start":{"line":33,"column":17},"end":{"line":33,"column":18}},"loc":{"start":{"line":33,"column":46},"end":{"line":39,"column":3}},"line":33},"5":{"name":"(anonymous_5)","decl":{"start":{"line":41,"column":10},"end":{"line":41,"column":11}},"loc":{"start":{"line":41,"column":39},"end":{"line":50,"column":3}},"line":41},"6":{"name":"(anonymous_6)","decl":{"start":{"line":52,"column":11},"end":{"line":52,"column":12}},"loc":{"start":{"line":52,"column":40},"end":{"line":60,"column":3}},"line":52},"7":{"name":"(anonymous_7)","decl":{"start":{"line":65,"column":2},"end":{"line":65,"column":3}},"loc":{"start":{"line":65,"column":39},"end":{"line":68,"column":3}},"line":65},"8":{"name":"(anonymous_8)","decl":{"start":{"line":69,"column":9},"end":{"line":69,"column":10}},"loc":{"start":{"line":69,"column":15},"end":{"line":71,"column":3}},"line":69},"9":{"name":"(anonymous_9)","decl":{"start":{"line":72,"column":10},"end":{"line":72,"column":11}},"loc":{"start":{"line":72,"column":16},"end":{"line":77,"column":3}},"line":72},"10":{"name":"(anonymous_10)","decl":{"start":{"line":79,"column":22},"end":{"line":79,"column":23}},"loc":{"start":{"line":79,"column":28},"end":{"line":81,"column":3}},"line":79},"11":{"name":"(anonymous_11)","decl":{"start":{"line":82,"column":8},"end":{"line":82,"column":9}},"loc":{"start":{"line":82,"column":14},"end":{"line":82,"column":71}},"line":82},"12":{"name":"(anonymous_12)","decl":{"start":{"line":83,"column":17},"end":{"line":83,"column":18}},"loc":{"start":{"line":83,"column":23},"end":{"line":83,"column":78}},"line":83},"13":{"name":"(anonymous_13)","decl":{"start":{"line":84,"column":11},"end":{"line":84,"column":12}},"loc":{"start":{"line":84,"column":17},"end":{"line":84,"column":74}},"line":84},"14":{"name":"(anonymous_14)","decl":{"start":{"line":85,"column":8},"end":{"line":85,"column":9}},"loc":{"start":{"line":85,"column":14},"end":{"line":85,"column":16}},"line":85}},"branchMap":{"0":{"loc":{"start":{"line":13,"column":4},"end":{"line":15,"column":5}},"type":"if","locations":[{"start":{"line":13,"column":4},"end":{"line":15,"column":5}},{"start":{},"end":{}}],"line":13},"1":{"loc":{"start":{"line":22,"column":4},"end":{"line":24,"column":5}},"type":"if","locations":[{"start":{"line":22,"column":4},"end":{"line":24,"column":5}},{"start":{},"end":{}}],"line":22},"2":{"loc":{"start":{"line":35,"column":4},"end":{"line":37,"column":5}},"type":"if","locations":[{"start":{"line":35,"column":4},"end":{"line":37,"column":5}},{"start":{},"end":{}}],"line":35},"3":{"loc":{"start":{"line":46,"column":4},"end":{"line":48,"column":5}},"type":"if","locations":[{"start":{"line":46,"column":4},"end":{"line":48,"column":5}},{"start":{},"end":{}}],"line":46},"4":{"loc":{"start":{"line":56,"column":4},"end":{"line":58,"column":5}},"type":"if","locations":[{"start":{"line":56,"column":4},"end":{"line":58,"column":5}},{"start":{},"end":{}}],"line":56}},"s":{"0":1,"1":1,"2":1,"3":1,"4":2,"5":2,"6":0,"7":2,"8":1,"9":0,"10":0,"11":0,"12":0,"13":1,"14":0,"15":1,"16":2,"17":2,"18":0,"19":2,"20":1,"21":0,"22":0,"23":0,"24":0,"25":1,"26":0,"27":0,"28":0,"29":0,"30":6,"31":6,"32":6,"33":2,"34":6,"35":2,"36":6,"37":2,"38":6,"39":2,"40":6,"41":2,"42":6,"43":2,"44":6,"45":6,"46":1},"f":{"0":1,"1":2,"2":0,"3":0,"4":2,"5":0,"6":0,"7":6,"8":2,"9":2,"10":2,"11":2,"12":2,"13":2,"14":6},"b":{"0":[0,2],"1":[0,0],"2":[0,2],"3":[0,0],"4":[0,0]},"_coverageSchema":"1a1c01bbd47fc00a2c39e90264f33305004495a9","hash":"f14f2dfd883d5e545d206c96d16993cd1c2450d7"}
,"/Users/kord/Documents/ass/mvpMatch/src/server/server.js": {"path":"/Users/kord/Documents/ass/mvpMatch/src/server/server.js","statementMap":{"0":{"start":{"line":1,"column":18},"end":{"line":1,"column":51}},"1":{"start":{"line":2,"column":19},"end":{"line":2,"column":49}},"2":{"start":{"line":3,"column":18},"end":{"line":3,"column":47}},"3":{"start":{"line":4,"column":24},"end":{"line":4,"column":53}},"4":{"start":{"line":6,"column":16},"end":{"line":6,"column":57}},"5":{"start":{"line":8,"column":17},"end":{"line":22,"column":5}},"6":{"start":{"line":24,"column":2},"end":{"line":24,"column":29}},"7":{"start":{"line":27,"column":0},"end":{"line":27,"column":29}}},"fnMap":{"0":{"name":"BootStrap","decl":{"start":{"line":7,"column":15},"end":{"line":7,"column":24}},"loc":{"start":{"line":7,"column":27},"end":{"line":25,"column":1}},"line":7}},"branchMap":{},"s":{"0":1,"1":1,"2":1,"3":1,"4":1,"5":1,"6":1,"7":1},"f":{"0":1},"b":{},"_coverageSchema":"1a1c01bbd47fc00a2c39e90264f33305004495a9","hash":"06faedd506b2f14c9cfddb06a3290ab9b3b885b8"}
,"/Users/kord/Documents/ass/mvpMatch/src/utils/middleware.js": {"path":"/Users/kord/Documents/ass/mvpMatch/src/utils/middleware.js","statementMap":{"0":{"start":{"line":1,"column":21},"end":{"line":1,"column":45}},"1":{"start":{"line":2,"column":15},"end":{"line":2,"column":32}},"2":{"start":{"line":3,"column":13},"end":{"line":3,"column":28}},"3":{"start":{"line":6,"column":0},"end":{"line":16,"column":7}},"4":{"start":{"line":7,"column":2},"end":{"line":16,"column":6}},"5":{"start":{"line":12,"column":6},"end":{"line":14,"column":7}},"6":{"start":{"line":13,"column":8},"end":{"line":13,"column":71}},"7":{"start":{"line":15,"column":6},"end":{"line":15,"column":13}}},"fnMap":{"0":{"name":"(anonymous_0)","decl":{"start":{"line":6,"column":17},"end":{"line":6,"column":18}},"loc":{"start":{"line":7,"column":2},"end":{"line":16,"column":6}},"line":7},"1":{"name":"(anonymous_1)","decl":{"start":{"line":11,"column":9},"end":{"line":11,"column":10}},"loc":{"start":{"line":11,"column":34},"end":{"line":16,"column":5}},"line":11}},"branchMap":{"0":{"loc":{"start":{"line":12,"column":6},"end":{"line":14,"column":7}},"type":"if","locations":[{"start":{"line":12,"column":6},"end":{"line":14,"column":7}},{"start":{},"end":{}}],"line":12},"1":{"loc":{"start":{"line":12,"column":10},"end":{"line":12,"column":75}},"type":"binary-expr","locations":[{"start":{"line":12,"column":10},"end":{"line":12,"column":28}},{"start":{"line":12,"column":32},"end":{"line":12,"column":58}},{"start":{"line":12,"column":62},"end":{"line":12,"column":75}}],"line":12}},"s":{"0":1,"1":1,"2":1,"3":1,"4":1,"5":0,"6":0,"7":0},"f":{"0":1,"1":0},"b":{"0":[0,0],"1":[0,0,0]},"_coverageSchema":"1a1c01bbd47fc00a2c39e90264f33305004495a9","hash":"f7517375e4ae7761e8292483bd2e9b3283250cd8"}
}
