TN:
SF:src/app/controllers/account.js
FN:6,(anonymous_0)
FN:11,(anonymous_1)
FN:15,(anonymous_2)
FN:27,(anonymous_3)
FN:53,(anonymous_4)
FN:69,(anonymous_5)
FN:78,(anonymous_6)
FNF:7
FNH:5
FNDA:3,(anonymous_0)
FNDA:0,(anonymous_1)
FNDA:2,(anonymous_2)
FNDA:0,(anonymous_3)
FNDA:1,(anonymous_4)
FNDA:1,(anonymous_5)
FNDA:1,(anonymous_6)
DA:1,1
DA:7,3
DA:8,3
DA:11,3
DA:12,0
DA:15,3
DA:17,2
DA:27,3
DA:28,0
DA:30,0
DA:31,0
DA:32,0
DA:35,0
DA:36,0
DA:39,0
DA:41,0
DA:42,0
DA:49,0
DA:53,3
DA:55,1
DA:60,1
DA:61,1
DA:65,1
DA:69,3
DA:71,1
DA:76,1
DA:78,1
DA:80,1
DA:86,1
DA:87,0
DA:91,1
DA:94,1
DA:97,1
DA:101,0
DA:104,1
DA:108,1
DA:116,1
LF:37
LH:24
BRDA:31,0,0,0
BRDA:31,0,1,0
BRDA:35,1,0,0
BRDA:35,1,1,0
BRDA:60,2,0,1
BRDA:60,2,1,0
BRDA:86,3,0,0
BRDA:86,3,1,1
BRF:8
BRH:2
end_of_record
TN:
SF:src/app/controllers/product.js
FN:9,(anonymous_0)
FN:14,(anonymous_1)
FN:43,(anonymous_2)
FN:60,(anonymous_3)
FN:66,(anonymous_4)
FN:121,(anonymous_5)
FN:148,(anonymous_6)
FN:171,(anonymous_7)
FN:195,(anonymous_8)
FN:215,(anonymous_9)
FNF:10
FNH:8
FNDA:1,(anonymous_0)
FNDA:2,(anonymous_1)
FNDA:0,(anonymous_2)
FNDA:3,(anonymous_3)
FNDA:3,(anonymous_4)
FNDA:3,(anonymous_5)
FNDA:0,(anonymous_6)
FNDA:1,(anonymous_7)
FNDA:1,(anonymous_8)
FNDA:1,(anonymous_9)
DA:1,1
DA:2,1
DA:3,1
DA:10,1
DA:11,1
DA:12,1
DA:14,1
DA:15,2
DA:17,2
DA:22,2
DA:24,1
DA:26,1
DA:31,1
DA:39,1
DA:43,1
DA:45,0
DA:46,0
DA:49,0
DA:57,0
DA:60,1
DA:61,3
DA:63,3
DA:66,3
DA:72,3
DA:74,3
DA:75,1
DA:78,2
DA:81,2
DA:82,1
DA:86,1
DA:87,1
DA:90,1
DA:96,1
DA:100,1
DA:101,1
DA:104,1
DA:113,1
DA:114,1
DA:116,2
DA:121,1
DA:122,3
DA:124,3
DA:129,3
DA:130,1
DA:133,2
DA:140,1
DA:148,1
DA:150,0
DA:152,0
DA:157,0
DA:159,0
DA:161,0
DA:168,0
DA:171,1
DA:172,1
DA:174,1
DA:180,1
DA:181,0
DA:184,1
DA:191,0
DA:195,1
DA:197,1
DA:200,1
DA:203,1
DA:205,4
DA:207,1
DA:210,1
DA:215,1
DA:216,1
DA:218,0
DA:221,0
DA:224,0
DA:227,0
DA:231,1
DA:235,1
LF:75
LH:59
BRDA:22,0,0,1
BRDA:22,0,1,1
BRDA:43,1,0,0
BRDA:43,2,0,0
BRDA:74,3,0,1
BRDA:74,3,1,2
BRDA:81,4,0,1
BRDA:81,4,1,1
BRDA:129,5,0,1
BRDA:129,5,1,2
BRDA:157,6,0,0
BRDA:157,6,1,0
BRDA:180,7,0,0
BRDA:180,7,1,1
BRDA:216,8,0,0
BRDA:216,8,1,1
BRF:16
BRH:10
end_of_record
TN:
SF:src/app/controllers/user.js
FN:14,(anonymous_0)
FN:21,(anonymous_1)
FN:64,(anonymous_2)
FN:74,(anonymous_3)
FN:79,(anonymous_4)
FN:109,(anonymous_5)
FN:128,(anonymous_6)
FN:177,(anonymous_7)
FN:182,(anonymous_8)
FNF:9
FNH:5
FNDA:2,(anonymous_0)
FNDA:0,(anonymous_1)
FNDA:2,(anonymous_2)
FNDA:0,(anonymous_3)
FNDA:0,(anonymous_4)
FNDA:0,(anonymous_5)
FNDA:2,(anonymous_6)
FNDA:2,(anonymous_7)
FNDA:2,(anonymous_8)
DA:2,1
DA:3,1
DA:4,1
DA:15,2
DA:16,2
DA:17,2
DA:21,2
DA:22,0
DA:31,0
DA:36,0
DA:39,0
DA:45,0
DA:47,0
DA:49,0
DA:53,0
DA:59,0
DA:64,2
DA:65,2
DA:74,2
DA:75,0
DA:79,2
DA:80,0
DA:82,0
DA:85,0
DA:87,0
DA:90,0
DA:94,0
DA:97,0
DA:104,0
DA:109,2
DA:111,0
DA:112,0
DA:114,0
DA:117,0
DA:120,0
DA:128,2
DA:129,2
DA:131,2
DA:137,2
DA:140,2
DA:141,0
DA:144,2
DA:150,2
DA:153,2
DA:156,2
DA:162,2
DA:163,2
DA:166,2
DA:174,0
DA:177,2
DA:179,2
DA:181,2
DA:182,2
DA:184,2
DA:191,2
DA:193,0
DA:196,2
DA:208,2
DA:214,2
DA:215,2
DA:219,0
DA:221,2
DA:224,2
DA:233,1
LF:64
LH:37
BRDA:36,0,0,0
BRDA:36,0,1,0
BRDA:45,1,0,0
BRDA:45,1,1,0
BRDA:47,2,0,0
BRDA:47,2,1,0
BRDA:85,3,0,0
BRDA:85,3,1,0
BRDA:87,4,0,0
BRDA:87,4,1,0
BRDA:112,5,0,0
BRDA:112,5,1,0
BRDA:137,6,0,0
BRDA:137,6,1,2
BRDA:140,7,0,0
BRDA:140,7,1,2
BRDA:150,8,0,0
BRDA:150,8,1,2
BRDA:191,9,0,0
BRDA:191,9,1,2
BRF:20
BRH:4
end_of_record
TN:
SF:src/app/helpers/validator/index.js
FN:3,(anonymous_0)
FN:4,(anonymous_1)
FN:13,(anonymous_2)
FN:21,(anonymous_3)
FN:52,(anonymous_4)
FN:70,(anonymous_5)
FN:76,(anonymous_6)
FN:92,(anonymous_7)
FN:98,(anonymous_8)
FN:114,(anonymous_9)
FN:122,(anonymous_10)
FN:132,(anonymous_11)
FN:139,(anonymous_12)
FN:152,(anonymous_13)
FN:160,(anonymous_14)
FN:171,(anonymous_15)
FN:187,(anonymous_16)
FN:193,(anonymous_17)
FN:210,(anonymous_18)
FN:216,(anonymous_19)
FN:222,(anonymous_20)
FN:250,(anonymous_21)
FN:257,(anonymous_22)
FN:263,(anonymous_23)
FN:276,(anonymous_24)
FN:300,(anonymous_25)
FN:320,(anonymous_26)
FN:328,(anonymous_27)
FN:335,(anonymous_28)
FN:341,(anonymous_29)
FN:347,(anonymous_30)
FN:355,(anonymous_31)
FN:360,(anonymous_32)
FNF:33
FNH:28
FNDA:13,(anonymous_0)
FNDA:7,(anonymous_1)
FNDA:4,(anonymous_2)
FNDA:0,(anonymous_3)
FNDA:2,(anonymous_4)
FNDA:0,(anonymous_5)
FNDA:2,(anonymous_6)
FNDA:2,(anonymous_7)
FNDA:2,(anonymous_8)
FNDA:0,(anonymous_9)
FNDA:2,(anonymous_10)
FNDA:3,(anonymous_11)
FNDA:2,(anonymous_12)
FNDA:2,(anonymous_13)
FNDA:1,(anonymous_14)
FNDA:2,(anonymous_15)
FNDA:0,(anonymous_16)
FNDA:2,(anonymous_17)
FNDA:3,(anonymous_18)
FNDA:3,(anonymous_19)
FNDA:2,(anonymous_20)
FNDA:1,(anonymous_21)
FNDA:1,(anonymous_22)
FNDA:2,(anonymous_23)
FNDA:2,(anonymous_24)
FNDA:3,(anonymous_25)
FNDA:3,(anonymous_26)
FNDA:2,(anonymous_27)
FNDA:2,(anonymous_28)
FNDA:0,(anonymous_29)
FNDA:4,(anonymous_30)
FNDA:1,(anonymous_31)
FNDA:3,(anonymous_32)
DA:1,1
DA:3,1
DA:4,13
DA:5,13
DA:6,13
DA:7,1
DA:9,12
DA:13,1
DA:14,4
DA:15,1
DA:19,3
DA:21,1
DA:22,0
DA:23,0
DA:27,0
DA:31,1
DA:37,1
DA:43,1
DA:53,2
DA:71,0
DA:72,0
DA:77,2
DA:93,2
DA:94,2
DA:99,2
DA:115,0
DA:116,0
DA:117,0
DA:123,2
DA:133,3
DA:134,3
DA:140,2
DA:153,2
DA:161,1
DA:162,0
DA:164,1
DA:172,2
DA:188,0
DA:189,0
DA:194,2
DA:211,3
DA:212,0
DA:214,3
DA:217,3
DA:218,3
DA:223,2
DA:251,1
DA:252,0
DA:254,1
DA:258,1
DA:259,1
DA:264,2
DA:277,2
DA:301,3
DA:302,3
DA:308,1
DA:310,1
DA:321,3
DA:322,3
DA:323,3
DA:329,2
DA:330,2
DA:336,2
DA:342,0
DA:348,4
DA:349,4
DA:350,4
DA:356,1
DA:361,3
DA:362,3
LF:70
LH:56
BRDA:6,0,0,1
BRDA:6,0,1,12
BRDA:14,1,0,1
BRDA:14,1,1,3
BRDA:22,2,0,0
BRDA:22,2,1,0
BRDA:161,3,0,0
BRDA:161,3,1,1
BRDA:211,4,0,0
BRDA:211,4,1,3
BRDA:251,5,0,0
BRDA:251,5,1,1
BRF:12
BRH:7
end_of_record
TN:
SF:src/app/helpers/validator/passport.js
FN:6,(anonymous_0)
FN:13,(anonymous_1)
FN:21,(anonymous_2)
FN:39,(anonymous_3)
FNF:4
FNH:4
FNDA:3,(anonymous_0)
FNDA:3,(anonymous_1)
FNDA:8,(anonymous_2)
FNDA:18,(anonymous_3)
DA:1,1
DA:7,3
DA:8,3
DA:9,3
DA:10,3
DA:13,3
DA:14,3
DA:19,3
DA:22,8
DA:23,8
DA:27,8
DA:28,8
DA:30,0
DA:33,0
DA:37,3
DA:39,3
DA:40,18
DA:46,1
LF:18
LH:16
BRDA:27,0,0,8
BRDA:27,0,1,0
BRDA:27,1,0,8
BRDA:27,1,1,8
BRF:4
BRH:3
end_of_record
TN:
SF:src/app/models/account.js
FNF:0
FNH:0
DA:1,1
DA:4,1
DA:18,1
DA:19,1
LF:4
LH:4
BRF:0
BRH:0
end_of_record
TN:
SF:src/app/models/product.js
FN:10,(anonymous_0)
FNF:1
FNH:1
FNDA:1,(anonymous_0)
DA:1,1
DA:3,1
DA:11,1
DA:26,1
DA:28,1
LF:5
LH:5
BRF:0
BRH:0
end_of_record
TN:
SF:src/app/models/purchase.js
FNF:0
FNH:0
DA:1,1
DA:3,1
DA:25,1
DA:27,1
LF:4
LH:4
BRF:0
BRH:0
end_of_record
TN:
SF:src/app/models/user.js
FN:23,(anonymous_0)
FN:32,(anonymous_1)
FN:39,(anonymous_2)
FN:43,(anonymous_3)
FNF:4
FNH:2
FNDA:7,(anonymous_0)
FNDA:0,(anonymous_1)
FNDA:0,(anonymous_2)
FNDA:4,(anonymous_3)
DA:1,1
DA:2,1
DA:3,1
DA:5,1
DA:23,1
DA:24,7
DA:25,7
DA:26,2
DA:27,2
DA:28,2
DA:29,2
DA:32,1
DA:33,0
DA:34,0
DA:36,0
DA:39,1
DA:40,0
DA:43,1
DA:44,4
DA:45,4
DA:46,4
DA:47,4
DA:49,1
DA:51,1
LF:24
LH:20
BRDA:25,0,0,5
BRDA:25,0,1,2
BRDA:33,1,0,0
BRDA:33,1,1,0
BRF:4
BRH:2
end_of_record
TN:
SF:src/app/routes/account/index.js
FN:6,(anonymous_0)
FN:10,(anonymous_1)
FN:22,(anonymous_2)
FN:36,(anonymous_3)
FN:41,(anonymous_4)
FN:45,(anonymous_5)
FNF:6
FNH:5
FNDA:1,(anonymous_0)
FNDA:1,(anonymous_1)
FNDA:0,(anonymous_2)
FNDA:2,(anonymous_3)
FNDA:2,(anonymous_4)
FNDA:4,(anonymous_5)
DA:1,1
DA:2,1
DA:7,1
DA:10,1
DA:11,1
DA:13,1
DA:17,1
DA:18,0
DA:20,1
DA:22,1
DA:23,0
DA:26,0
DA:27,0
DA:29,0
DA:37,2
DA:38,2
DA:41,2
DA:42,2
DA:45,2
DA:46,4
DA:52,1
LF:21
LH:16
BRDA:17,0,0,0
BRDA:17,0,1,1
BRDA:26,1,0,0
BRDA:26,1,1,0
BRF:4
BRH:1
end_of_record
TN:
SF:src/app/routes/product/index.js
FN:6,(anonymous_0)
FN:9,(anonymous_1)
FN:19,(anonymous_2)
FN:29,(anonymous_3)
FN:41,(anonymous_4)
FN:51,(anonymous_5)
FN:61,(anonymous_6)
FN:77,(anonymous_7)
FN:81,(anonymous_8)
FN:88,(anonymous_9)
FN:96,(anonymous_10)
FN:103,(anonymous_11)
FN:106,(anonymous_12)
FN:113,(anonymous_13)
FN:116,(anonymous_14)
FNF:15
FNH:12
FNDA:1,(anonymous_0)
FNDA:0,(anonymous_1)
FNDA:0,(anonymous_2)
FNDA:3,(anonymous_3)
FNDA:2,(anonymous_4)
FNDA:0,(anonymous_5)
FNDA:1,(anonymous_6)
FNDA:6,(anonymous_7)
FNDA:2,(anonymous_8)
FNDA:2,(anonymous_9)
FNDA:2,(anonymous_10)
FNDA:2,(anonymous_11)
FNDA:2,(anonymous_12)
FNDA:2,(anonymous_13)
FNDA:6,(anonymous_14)
DA:1,1
DA:2,1
DA:7,1
DA:9,1
DA:10,0
DA:13,0
DA:14,0
DA:16,0
DA:19,1
DA:20,0
DA:23,0
DA:24,0
DA:26,0
DA:29,1
DA:30,3
DA:35,3
DA:36,2
DA:38,1
DA:41,1
DA:42,2
DA:46,2
DA:47,1
DA:49,1
DA:51,1
DA:52,0
DA:56,0
DA:57,0
DA:59,0
DA:61,1
DA:62,1
DA:67,1
DA:68,0
DA:70,1
DA:78,6
DA:79,6
DA:81,6
DA:82,2
DA:88,6
DA:89,2
DA:96,6
DA:97,2
DA:103,6
DA:104,2
DA:106,6
DA:107,2
DA:113,6
DA:114,2
DA:116,6
DA:118,1
LF:49
LH:36
BRDA:13,0,0,0
BRDA:13,0,1,0
BRDA:23,1,0,0
BRDA:23,1,1,0
BRDA:35,2,0,2
BRDA:35,2,1,1
BRDA:46,3,0,1
BRDA:46,3,1,1
BRDA:56,4,0,0
BRDA:56,4,1,0
BRDA:67,5,0,0
BRDA:67,5,1,1
BRF:12
BRH:5
end_of_record
TN:
SF:src/app/routes/user/index.js
FN:6,(anonymous_0)
FN:9,(anonymous_1)
FN:18,(anonymous_2)
FN:27,(anonymous_3)
FN:33,(anonymous_4)
FN:41,(anonymous_5)
FN:52,(anonymous_6)
FN:65,(anonymous_7)
FN:69,(anonymous_8)
FN:72,(anonymous_9)
FN:79,(anonymous_10)
FN:82,(anonymous_11)
FN:83,(anonymous_12)
FN:84,(anonymous_13)
FN:85,(anonymous_14)
FNF:15
FNH:11
FNDA:1,(anonymous_0)
FNDA:2,(anonymous_1)
FNDA:0,(anonymous_2)
FNDA:0,(anonymous_3)
FNDA:2,(anonymous_4)
FNDA:0,(anonymous_5)
FNDA:0,(anonymous_6)
FNDA:6,(anonymous_7)
FNDA:2,(anonymous_8)
FNDA:2,(anonymous_9)
FNDA:2,(anonymous_10)
FNDA:2,(anonymous_11)
FNDA:2,(anonymous_12)
FNDA:2,(anonymous_13)
FNDA:6,(anonymous_14)
DA:1,1
DA:2,1
DA:7,1
DA:9,1
DA:10,2
DA:13,2
DA:14,0
DA:16,2
DA:18,1
DA:20,0
DA:22,0
DA:23,0
DA:25,0
DA:27,1
DA:28,0
DA:33,1
DA:34,2
DA:35,2
DA:36,0
DA:38,2
DA:41,1
DA:42,0
DA:46,0
DA:47,0
DA:49,0
DA:52,1
DA:53,0
DA:56,0
DA:57,0
DA:59,0
DA:66,6
DA:67,6
DA:69,6
DA:70,2
DA:72,6
DA:73,2
DA:79,6
DA:82,6
DA:83,6
DA:84,6
DA:85,6
DA:87,1
LF:42
LH:27
BRDA:13,0,0,0
BRDA:13,0,1,2
BRDA:22,1,0,0
BRDA:22,1,1,0
BRDA:35,2,0,0
BRDA:35,2,1,2
BRDA:46,3,0,0
BRDA:46,3,1,0
BRDA:56,4,0,0
BRDA:56,4,1,0
BRF:10
BRH:2
end_of_record
TN:
SF:src/server/server.js
FN:7,BootStrap
FNF:1
FNH:1
FNDA:1,BootStrap
DA:1,1
DA:2,1
DA:3,1
DA:4,1
DA:6,1
DA:8,1
DA:24,1
DA:27,1
LF:8
LH:8
BRF:0
BRH:0
end_of_record
TN:
SF:src/utils/middleware.js
FN:6,(anonymous_0)
FN:11,(anonymous_1)
FNF:2
FNH:1
FNDA:1,(anonymous_0)
FNDA:0,(anonymous_1)
DA:1,1
DA:2,1
DA:3,1
DA:6,1
DA:7,1
DA:12,0
DA:13,0
DA:15,0
LF:8
LH:5
BRDA:12,0,0,0
BRDA:12,0,1,0
BRDA:12,1,0,0
BRDA:12,1,1,0
BRDA:12,1,2,0
BRF:5
BRH:0
end_of_record
